#
# There is insufficient memory for the Java Runtime Environment to continue.
# Native memory allocation (mmap) failed to map 1048576 bytes for G1 virtual space
# Possible reasons:
#   The system is out of physical RAM or swap space
#   The process is running with CompressedOops enabled, and the Java Heap may be blocking the growth of the native heap
# Possible solutions:
#   Reduce memory load on the system
#   Increase physical memory or swap space
#   Check if swap backing store is full
#   Decrease Java heap size (-Xmx/-Xms)
#   Decrease number of Java threads
#   Decrease Java thread stack sizes (-Xss)
#   Set larger code cache with -XX:ReservedCodeCacheSize=
#   JVM is running with Unscaled Compressed Oops mode in which the Java heap is
#     placed in the first 4GB address space. The Java Heap base address is the
#     maximum limit for the native heap growth. Please use -XX:HeapBaseMinAddress
#     to set the Java Heap base and to place the Java Heap above 4GB virtual address.
# This output file may be truncated or incomplete.
#
#  Out of Memory Error (os_windows.cpp:3528), pid=20512, tid=17092
#
# JRE version: Java(TM) SE Runtime Environment (20.0.2+9) (build 20.0.2+9-78)
# Java VM: Java HotSpot(TM) 64-Bit Server VM (20.0.2+9-78, mixed mode, sharing, tiered, compressed oops, compressed class ptrs, g1 gc, windows-amd64)
# No core dump will be written. Minidumps are not enabled by default on client versions of Windows
#

---------------  S U M M A R Y ------------

Command Line: -javaagent:D:\IntelliJ IDEA Community Edition 2023.2.1\lib\idea_rt.jar=60035:D:\IntelliJ IDEA Community Edition 2023.2.1\bin -Dfile.encoding=UTF-8 -Dsun.stdout.encoding=UTF-8 -Dsun.stderr.encoding=UTF-8 --module-path=D:\DictionaryProject\target\classes;C:\Users\User\.m2\repository\org\openjfx\javafx-web\20.0.2\javafx-web-20.0.2-win.jar;C:\Users\User\.m2\repository\org\openjfx\javafx-media\20.0.2\javafx-media-20.0.2-win.jar;C:\Users\User\.m2\repository\org\openjfx\javafx-graphics\20.0.1\javafx-graphics-20.0.1-win.jar;C:\Users\User\.m2\repository\org\openjfx\javafx-base\20.0.1\javafx-base-20.0.1-win.jar;C:\Users\User\.m2\repository\org\openjfx\javafx-controls\20.0.1\javafx-controls-20.0.1-win.jar;C:\Users\User\.m2\repository\javazoom\jlayer\1.0.1\jlayer-1.0.1.jar;C:\Users\User\.m2\repository\org\apache\commons\commons-text\1.9\commons-text-1.9.jar;C:\Users\User\.m2\repository\org\openjfx\javafx-fxml\20.0.1\javafx-fxml-20.0.1-win.jar -Djdk.module.main=com.example.mydictionary com.example.mydictionary/com.example.mydictionary.Main

Host: Intel(R) Core(TM) i5-10210U CPU @ 1.60GHz, 8 cores, 7G,  Windows 11 , 64 bit Build 22621 (10.0.22621.2428)
Time: Tue Nov 21 01:25:06 2023 SE Asia Standard Time elapsed time: 16.867257 seconds (0d 0h 0m 16s)

---------------  T H R E A D  ---------------

Current thread (0x0000018368918e60):  WorkerThread "GC Thread#0" [stack: 0x0000002ec6600000,0x0000002ec6700000] [id=17092]

Stack: [0x0000002ec6600000,0x0000002ec6700000]
Native frames: (J=compiled Java code, j=interpreted, Vv=VM code, C=native code)
V  [jvm.dll+0x6bc25a]
V  [jvm.dll+0x84971a]
V  [jvm.dll+0x84b315]
V  [jvm.dll+0x84ba13]
V  [jvm.dll+0x280e4f]
V  [jvm.dll+0x6b8fe9]
V  [jvm.dll+0x6adbca]
V  [jvm.dll+0x35b165]
V  [jvm.dll+0x363386]
V  [jvm.dll+0x3b3d0b]
V  [jvm.dll+0x3b4384]
V  [jvm.dll+0x3b444d]
V  [jvm.dll+0x32d135]
V  [jvm.dll+0x32ce95]
V  [jvm.dll+0x31cfa6]
V  [jvm.dll+0x31df7a]
V  [jvm.dll+0x31e380]
V  [jvm.dll+0x31de7e]
V  [jvm.dll+0x35cf96]
V  [jvm.dll+0x35d2ed]
V  [jvm.dll+0x35e43a]
V  [jvm.dll+0x35e0a4]
V  [jvm.dll+0x372c39]
V  [jvm.dll+0x37330a]
V  [jvm.dll+0x373407]
V  [jvm.dll+0x3743bb]
V  [jvm.dll+0x876b17]
V  [jvm.dll+0x7f5c76]
V  [jvm.dll+0x6baecb]
C  [ucrtbase.dll+0x29363]
C  [KERNEL32.DLL+0x1257d]
C  [ntdll.dll+0x5aa78]


---------------  P R O C E S S  ---------------

Threads class SMR info:
_java_thread_list=0x000001834be74780, length=20, elements={
0x00000183688ba880, 0x0000018305208be0, 0x0000018305209a80, 0x000001830520b890,
0x000001830520d3e0, 0x0000018305211e40, 0x0000018305213840, 0x000001830521e1a0,
0x000001830521fc60, 0x000001834a4c4210, 0x000001834ae67be0, 0x000001834ae68130,
0x000001834a564d50, 0x000001834ae01580, 0x000001834afc1890, 0x000001834b4e9bb0,
0x000001834afa2b50, 0x000001834b686860, 0x000001834b685870, 0x000001834b686310
}

Java Threads: ( => current thread )
  0x00000183688ba880 JavaThread "main" [_thread_blocked, id=22852, stack(0x0000002ec6500000,0x0000002ec6600000)]
  0x0000018305208be0 JavaThread "Reference Handler" daemon [_thread_blocked, id=10760, stack(0x0000002ec6c00000,0x0000002ec6d00000)]
  0x0000018305209a80 JavaThread "Finalizer" daemon [_thread_blocked, id=21064, stack(0x0000002ec6d00000,0x0000002ec6e00000)]
  0x000001830520b890 JavaThread "Signal Dispatcher" daemon [_thread_blocked, id=4608, stack(0x0000002ec6e00000,0x0000002ec6f00000)]
  0x000001830520d3e0 JavaThread "Attach Listener" daemon [_thread_blocked, id=22048, stack(0x0000002ec6f00000,0x0000002ec7000000)]
  0x0000018305211e40 JavaThread "Service Thread" daemon [_thread_blocked, id=4584, stack(0x0000002ec7000000,0x0000002ec7100000)]
  0x0000018305213840 JavaThread "Monitor Deflation Thread" daemon [_thread_blocked, id=536, stack(0x0000002ec7100000,0x0000002ec7200000)]
  0x000001830521e1a0 JavaThread "C2 CompilerThread0" daemon [_thread_blocked, id=3120, stack(0x0000002ec7200000,0x0000002ec7300000)]
  0x000001830521fc60 JavaThread "C1 CompilerThread0" daemon [_thread_blocked, id=12460, stack(0x0000002ec7300000,0x0000002ec7400000)]
  0x000001834a4c4210 JavaThread "Common-Cleaner" daemon [_thread_blocked, id=21048, stack(0x0000002ec7400000,0x0000002ec7500000)]
  0x000001834ae67be0 JavaThread "Monitor Ctrl-Break" daemon [_thread_in_native, id=14176, stack(0x0000002ec7600000,0x0000002ec7700000)]
  0x000001834ae68130 JavaThread "Notification Thread" daemon [_thread_blocked, id=18328, stack(0x0000002ec7700000,0x0000002ec7800000)]
  0x000001834a564d50 JavaThread "QuantumRenderer-0" daemon [_thread_blocked, id=7148, stack(0x0000002ec7500000,0x0000002ec7600000)]
  0x000001834ae01580 JavaThread "InvokeLaterDispatcher" daemon [_thread_blocked, id=6216, stack(0x0000002ec7900000,0x0000002ec7a00000)]
  0x000001834afc1890 JavaThread "JavaFX Application Thread" [_thread_blocked, id=1572, stack(0x0000002ec7a00000,0x0000002ec7b00000)]
  0x000001834b4e9bb0 JavaThread "Thread-1" daemon [_thread_blocked, id=18424, stack(0x0000002ec7e00000,0x0000002ec7f00000)]
  0x000001834afa2b50 JavaThread "JavaFX-Launcher" [_thread_blocked, id=11628, stack(0x0000002ec7f00000,0x0000002ec8000000)]
  0x000001834b686860 JavaThread "Prism Font Disposer" daemon [_thread_blocked, id=23196, stack(0x0000002ec8900000,0x0000002ec8a00000)]
  0x000001834b685870 JavaThread "Cleaner-0" daemon [_thread_blocked, id=3000, stack(0x0000002ec8500000,0x0000002ec8600000)]
  0x000001834b686310 JavaThread "Disposer" daemon [_thread_blocked, id=16108, stack(0x0000002ec8d00000,0x0000002ec8e00000)]

Other Threads:
  0x00000183051f3150 VMThread "VM Thread" [stack: 0x0000002ec6b00000,0x0000002ec6c00000] [id=17316]
  0x000001834a7fecc0 WatcherThread "VM Periodic Task Thread" [stack: 0x0000002ec7800000,0x0000002ec7900000] [id=14704]
=>0x0000018368918e60 WorkerThread "GC Thread#0" [stack: 0x0000002ec6600000,0x0000002ec6700000] [id=17092]
  0x000001834b4e18d0 WorkerThread "GC Thread#1" [stack: 0x0000002ec8000000,0x0000002ec8100000] [id=16852]
  0x000001834b5065b0 WorkerThread "GC Thread#2" [stack: 0x0000002ec8100000,0x0000002ec8200000] [id=2260]
  0x000001834b51fa50 WorkerThread "GC Thread#3" [stack: 0x0000002ec8200000,0x0000002ec8300000] [id=13400]
  0x000001834b5202c0 WorkerThread "GC Thread#4" [stack: 0x0000002ec8300000,0x0000002ec8400000] [id=16200]
  0x000001834b51fff0 WorkerThread "GC Thread#5" [stack: 0x0000002ec8400000,0x0000002ec8500000] [id=10808]
  0x000001834b520b30 WorkerThread "GC Thread#6" [stack: 0x0000002ec8a00000,0x0000002ec8b00000] [id=5804]
  0x000001834b51ef10 WorkerThread "GC Thread#7" [stack: 0x0000002ec8b00000,0x0000002ec8c00000] [id=12372]
  0x0000018368929990 ConcurrentGCThread "G1 Main Marker" [stack: 0x0000002ec6700000,0x0000002ec6800000] [id=14304]
  0x000001836892ab60 WorkerThread "G1 Conc#0" [stack: 0x0000002ec6800000,0x0000002ec6900000] [id=22112]
  0x000001834a8915f0 WorkerThread "G1 Conc#1" [stack: 0x0000002ec8e00000,0x0000002ec8f00000] [id=2564]
  0x000001836897e630 ConcurrentGCThread "G1 Refine#0" [stack: 0x0000002ec6900000,0x0000002ec6a00000] [id=13372]
  0x00000183050af290 ConcurrentGCThread "G1 Service" [stack: 0x0000002ec6a00000,0x0000002ec6b00000] [id=5308]

Threads with active compile tasks:

VM state: at safepoint (normal execution)

VM Mutex/Monitor currently owned by a thread:  ([mutex/lock_event])
[0x00000183688b2520] FreeList_lock - owner thread: 0x0000018368918e60
[0x00000183688b4e70] Threads_lock - owner thread: 0x00000183051f3150
[0x00000183688b5260] Heap_lock - owner thread: 0x000001834afc1890

Heap address: 0x0000000082c00000, size: 2004 MB, Compressed Oops mode: 32-bit

CDS archive(s) mapped at: [0x0000018305400000-0x0000018306060000-0x0000018306060000), size 12976128, SharedBaseAddress: 0x0000018305400000, ArchiveRelocationMode: 1.
Compressed class space mapped at: 0x0000018306400000-0x0000018346400000, reserved size: 1073741824
Narrow klass base: 0x0000018305400000, Narrow klass shift: 0, Narrow klass range: 0x100000000

GC Precious Log:
 CardTable entry size: 512
 Card Set container configuration: InlinePtr #cards 5 size 8 Array Of Cards #cards 12 size 40 Howl #buckets 4 coarsen threshold 1843 Howl Bitmap #cards 512 size 80 coarsen threshold 460 Card regions per heap region 1 cards per card region 2048
 CPUs: 8 total, 8 available
 Memory: 8014M
 Large Page Support: Disabled
 NUMA Support: Disabled
 Compressed Oops: Enabled (32-bit)
 Heap Region Size: 1M
 Heap Min Capacity: 8M
 Heap Initial Capacity: 126M
 Heap Max Capacity: 2004M
 Pre-touch: Disabled
 Parallel Workers: 8
 Concurrent Workers: 2
 Concurrent Refinement Workers: 8
 Periodic GC: Disabled

Heap:
 garbage-first heap   total 284672K, used 223744K [0x0000000082c00000, 0x0000000100000000)
  region size 1024K, 67 young (68608K), 9 survivors (9216K)
 Metaspace       used 19202K, committed 19520K, reserved 1114112K
  class space    used 2764K, committed 2880K, reserved 1048576K

Heap Regions: E=young(eden), S=young(survivor), O=old, HS=humongous(starts), HC=humongous(continues), CS=collection set, F=free, OA=open archive, CA=closed archive, TAMS=top-at-mark-start, PB=parsable bottom
|   0|0x0000000082c00000, 0x0000000082d00000, 0x0000000082d00000|100%| O|  |TAMS 0x0000000082d00000| PB 0x0000000082c00000| Untracked 
|   1|0x0000000082d00000, 0x0000000082e00000, 0x0000000082e00000|100%| O|  |TAMS 0x0000000082e00000| PB 0x0000000082d00000| Untracked 
|   2|0x0000000082e00000, 0x0000000082f00000, 0x0000000082f00000|100%| O|  |TAMS 0x0000000082f00000| PB 0x0000000082e00000| Untracked 
|   3|0x0000000082f00000, 0x0000000083000000, 0x0000000083000000|100%| O|  |TAMS 0x0000000083000000| PB 0x0000000082f00000| Untracked 
|   4|0x0000000083000000, 0x0000000083100000, 0x0000000083100000|100%| O|  |TAMS 0x0000000083100000| PB 0x0000000083000000| Untracked 
|   5|0x0000000083100000, 0x0000000083200000, 0x0000000083200000|100%|HS|  |TAMS 0x0000000083200000| PB 0x0000000083100000| Complete 
|   6|0x0000000083200000, 0x0000000083300000, 0x0000000083300000|100%|HC|  |TAMS 0x0000000083300000| PB 0x0000000083200000| Complete 
|   7|0x0000000083300000, 0x0000000083400000, 0x0000000083400000|100%|HS|  |TAMS 0x0000000083400000| PB 0x0000000083300000| Complete 
|   8|0x0000000083400000, 0x0000000083500000, 0x0000000083500000|100%|HS|  |TAMS 0x0000000083500000| PB 0x0000000083400000| Complete 
|   9|0x0000000083500000, 0x0000000083600000, 0x0000000083600000|100%|HC|  |TAMS 0x0000000083600000| PB 0x0000000083500000| Complete 
|  10|0x0000000083600000, 0x0000000083700000, 0x0000000083700000|100%|HS|  |TAMS 0x0000000083700000| PB 0x0000000083600000| Complete 
|  11|0x0000000083700000, 0x0000000083800000, 0x0000000083800000|100%|HC|  |TAMS 0x0000000083800000| PB 0x0000000083700000| Complete 
|  12|0x0000000083800000, 0x0000000083900000, 0x0000000083900000|100%| O|  |TAMS 0x0000000083900000| PB 0x0000000083800000| Untracked 
|  13|0x0000000083900000, 0x0000000083a00000, 0x0000000083a00000|100%| O|  |TAMS 0x0000000083a00000| PB 0x0000000083900000| Untracked 
|  14|0x0000000083a00000, 0x0000000083b00000, 0x0000000083b00000|100%| O|  |TAMS 0x0000000083b00000| PB 0x0000000083a00000| Untracked 
|  15|0x0000000083b00000, 0x0000000083c00000, 0x0000000083c00000|100%| O|  |TAMS 0x0000000083c00000| PB 0x0000000083b00000| Untracked 
|  16|0x0000000083c00000, 0x0000000083d00000, 0x0000000083d00000|100%| O|  |TAMS 0x0000000083d00000| PB 0x0000000083c00000| Untracked 
|  17|0x0000000083d00000, 0x0000000083e00000, 0x0000000083e00000|100%| O|  |TAMS 0x0000000083e00000| PB 0x0000000083d00000| Untracked 
|  18|0x0000000083e00000, 0x0000000083f00000, 0x0000000083f00000|100%| O|  |TAMS 0x0000000083f00000| PB 0x0000000083e00000| Untracked 
|  19|0x0000000083f00000, 0x0000000084000000, 0x0000000084000000|100%| O|  |TAMS 0x0000000084000000| PB 0x0000000083f00000| Untracked 
|  20|0x0000000084000000, 0x0000000084100000, 0x0000000084100000|100%| O|  |TAMS 0x0000000084100000| PB 0x0000000084000000| Untracked 
|  21|0x0000000084100000, 0x0000000084200000, 0x0000000084200000|100%| O|  |TAMS 0x0000000084200000| PB 0x0000000084100000| Untracked 
|  22|0x0000000084200000, 0x0000000084300000, 0x0000000084300000|100%| O|  |TAMS 0x0000000084300000| PB 0x0000000084200000| Untracked 
|  23|0x0000000084300000, 0x0000000084400000, 0x0000000084400000|100%| O|  |TAMS 0x0000000084400000| PB 0x0000000084300000| Untracked 
|  24|0x0000000084400000, 0x0000000084500000, 0x0000000084500000|100%| O|  |TAMS 0x0000000084500000| PB 0x0000000084400000| Untracked 
|  25|0x0000000084500000, 0x0000000084600000, 0x0000000084600000|100%| O|  |TAMS 0x0000000084600000| PB 0x0000000084500000| Untracked 
|  26|0x0000000084600000, 0x0000000084700000, 0x0000000084700000|100%| O|  |TAMS 0x0000000084700000| PB 0x0000000084600000| Untracked 
|  27|0x0000000084700000, 0x0000000084800000, 0x0000000084800000|100%| O|  |TAMS 0x0000000084800000| PB 0x0000000084700000| Untracked 
|  28|0x0000000084800000, 0x0000000084900000, 0x0000000084900000|100%| O|  |TAMS 0x0000000084900000| PB 0x0000000084800000| Untracked 
|  29|0x0000000084900000, 0x0000000084a00000, 0x0000000084a00000|100%| O|  |TAMS 0x0000000084a00000| PB 0x0000000084900000| Untracked 
|  30|0x0000000084a00000, 0x0000000084b00000, 0x0000000084b00000|100%| O|  |TAMS 0x0000000084b00000| PB 0x0000000084a00000| Untracked 
|  31|0x0000000084b00000, 0x0000000084c00000, 0x0000000084c00000|100%| O|  |TAMS 0x0000000084c00000| PB 0x0000000084b00000| Untracked 
|  32|0x0000000084c00000, 0x0000000084d00000, 0x0000000084d00000|100%| O|  |TAMS 0x0000000084d00000| PB 0x0000000084c00000| Untracked 
|  33|0x0000000084d00000, 0x0000000084e00000, 0x0000000084e00000|100%| O|  |TAMS 0x0000000084e00000| PB 0x0000000084d00000| Untracked 
|  34|0x0000000084e00000, 0x0000000084f00000, 0x0000000084f00000|100%| O|  |TAMS 0x0000000084f00000| PB 0x0000000084e00000| Untracked 
|  35|0x0000000084f00000, 0x0000000085000000, 0x0000000085000000|100%| O|  |TAMS 0x0000000085000000| PB 0x0000000084f00000| Untracked 
|  36|0x0000000085000000, 0x0000000085100000, 0x0000000085100000|100%| O|  |TAMS 0x0000000085100000| PB 0x0000000085000000| Untracked 
|  37|0x0000000085100000, 0x0000000085200000, 0x0000000085200000|100%| O|  |TAMS 0x0000000085200000| PB 0x0000000085100000| Untracked 
|  38|0x0000000085200000, 0x0000000085300000, 0x0000000085300000|100%| O|  |TAMS 0x0000000085300000| PB 0x0000000085200000| Untracked 
|  39|0x0000000085300000, 0x0000000085400000, 0x0000000085400000|100%| O|  |TAMS 0x0000000085400000| PB 0x0000000085300000| Untracked 
|  40|0x0000000085400000, 0x0000000085500000, 0x0000000085500000|100%| O|  |TAMS 0x0000000085500000| PB 0x0000000085400000| Untracked 
|  41|0x0000000085500000, 0x0000000085600000, 0x0000000085600000|100%| O|  |TAMS 0x0000000085600000| PB 0x0000000085500000| Untracked 
|  42|0x0000000085600000, 0x0000000085700000, 0x0000000085700000|100%| O|  |TAMS 0x0000000085700000| PB 0x0000000085600000| Untracked 
|  43|0x0000000085700000, 0x0000000085800000, 0x0000000085800000|100%| O|  |TAMS 0x0000000085800000| PB 0x0000000085700000| Untracked 
|  44|0x0000000085800000, 0x0000000085900000, 0x0000000085900000|100%| O|  |TAMS 0x0000000085900000| PB 0x0000000085800000| Untracked 
|  45|0x0000000085900000, 0x0000000085a00000, 0x0000000085a00000|100%| O|  |TAMS 0x0000000085a00000| PB 0x0000000085900000| Untracked 
|  46|0x0000000085a00000, 0x0000000085b00000, 0x0000000085b00000|100%| O|  |TAMS 0x0000000085b00000| PB 0x0000000085a00000| Untracked 
|  47|0x0000000085b00000, 0x0000000085c00000, 0x0000000085c00000|100%| O|  |TAMS 0x0000000085c00000| PB 0x0000000085b00000| Untracked 
|  48|0x0000000085c00000, 0x0000000085d00000, 0x0000000085d00000|100%| O|  |TAMS 0x0000000085d00000| PB 0x0000000085c00000| Untracked 
|  49|0x0000000085d00000, 0x0000000085e00000, 0x0000000085e00000|100%| O|  |TAMS 0x0000000085e00000| PB 0x0000000085d00000| Untracked 
|  50|0x0000000085e00000, 0x0000000085f00000, 0x0000000085f00000|100%| O|  |TAMS 0x0000000085f00000| PB 0x0000000085e00000| Untracked 
|  51|0x0000000085f00000, 0x0000000086000000, 0x0000000086000000|100%| O|  |TAMS 0x0000000086000000| PB 0x0000000085f00000| Untracked 
|  52|0x0000000086000000, 0x0000000086100000, 0x0000000086100000|100%| O|  |TAMS 0x0000000086100000| PB 0x0000000086000000| Untracked 
|  53|0x0000000086100000, 0x0000000086200000, 0x0000000086200000|100%| O|  |TAMS 0x0000000086200000| PB 0x0000000086100000| Untracked 
|  54|0x0000000086200000, 0x0000000086300000, 0x0000000086300000|100%| O|  |TAMS 0x0000000086300000| PB 0x0000000086200000| Untracked 
|  55|0x0000000086300000, 0x0000000086400000, 0x0000000086400000|100%| O|  |TAMS 0x0000000086400000| PB 0x0000000086300000| Untracked 
|  56|0x0000000086400000, 0x0000000086500000, 0x0000000086500000|100%| O|  |TAMS 0x0000000086500000| PB 0x0000000086400000| Untracked 
|  57|0x0000000086500000, 0x0000000086600000, 0x0000000086600000|100%| O|  |TAMS 0x0000000086600000| PB 0x0000000086500000| Untracked 
|  58|0x0000000086600000, 0x0000000086700000, 0x0000000086700000|100%| O|  |TAMS 0x0000000086700000| PB 0x0000000086600000| Untracked 
|  59|0x0000000086700000, 0x0000000086800000, 0x0000000086800000|100%| O|  |TAMS 0x0000000086800000| PB 0x0000000086700000| Untracked 
|  60|0x0000000086800000, 0x0000000086900000, 0x0000000086900000|100%| O|  |TAMS 0x0000000086900000| PB 0x0000000086800000| Untracked 
|  61|0x0000000086900000, 0x0000000086a00000, 0x0000000086a00000|100%| O|  |TAMS 0x0000000086a00000| PB 0x0000000086900000| Untracked 
|  62|0x0000000086a00000, 0x0000000086b00000, 0x0000000086b00000|100%| O|  |TAMS 0x0000000086b00000| PB 0x0000000086a00000| Untracked 
|  63|0x0000000086b00000, 0x0000000086c00000, 0x0000000086c00000|100%| O|  |TAMS 0x0000000086c00000| PB 0x0000000086b00000| Untracked 
|  64|0x0000000086c00000, 0x0000000086d00000, 0x0000000086d00000|100%| O|  |TAMS 0x0000000086d00000| PB 0x0000000086c00000| Untracked 
|  65|0x0000000086d00000, 0x0000000086e00000, 0x0000000086e00000|100%| O|  |TAMS 0x0000000086e00000| PB 0x0000000086d00000| Untracked 
|  66|0x0000000086e00000, 0x0000000086f00000, 0x0000000086f00000|100%| O|  |TAMS 0x0000000086f00000| PB 0x0000000086e00000| Untracked 
|  67|0x0000000086f00000, 0x0000000087000000, 0x0000000087000000|100%| O|  |TAMS 0x0000000087000000| PB 0x0000000086f00000| Untracked 
|  68|0x0000000087000000, 0x0000000087100000, 0x0000000087100000|100%| O|  |TAMS 0x0000000087100000| PB 0x0000000087000000| Untracked 
|  69|0x0000000087100000, 0x0000000087200000, 0x0000000087200000|100%| O|  |TAMS 0x0000000087200000| PB 0x0000000087100000| Untracked 
|  70|0x0000000087200000, 0x0000000087300000, 0x0000000087300000|100%| O|  |TAMS 0x0000000087300000| PB 0x0000000087200000| Untracked 
|  71|0x0000000087300000, 0x0000000087400000, 0x0000000087400000|100%| O|  |TAMS 0x0000000087400000| PB 0x0000000087300000| Untracked 
|  72|0x0000000087400000, 0x0000000087500000, 0x0000000087500000|100%| O|  |TAMS 0x0000000087500000| PB 0x0000000087400000| Untracked 
|  73|0x0000000087500000, 0x0000000087600000, 0x0000000087600000|100%| O|  |TAMS 0x0000000087600000| PB 0x0000000087500000| Untracked 
|  74|0x0000000087600000, 0x0000000087700000, 0x0000000087700000|100%| O|  |TAMS 0x0000000087700000| PB 0x0000000087600000| Untracked 
|  75|0x0000000087700000, 0x0000000087800000, 0x0000000087800000|100%| O|  |TAMS 0x0000000087800000| PB 0x0000000087700000| Untracked 
|  76|0x0000000087800000, 0x0000000087900000, 0x0000000087900000|100%| O|  |TAMS 0x0000000087900000| PB 0x0000000087800000| Untracked 
|  77|0x0000000087900000, 0x0000000087a00000, 0x0000000087a00000|100%| O|  |TAMS 0x0000000087a00000| PB 0x0000000087900000| Untracked 
|  78|0x0000000087a00000, 0x0000000087b00000, 0x0000000087b00000|100%| O|  |TAMS 0x0000000087b00000| PB 0x0000000087a00000| Untracked 
|  79|0x0000000087b00000, 0x0000000087c00000, 0x0000000087c00000|100%| O|  |TAMS 0x0000000087c00000| PB 0x0000000087b00000| Untracked 
|  80|0x0000000087c00000, 0x0000000087d00000, 0x0000000087d00000|100%|HS|  |TAMS 0x0000000087d00000| PB 0x0000000087c00000| Complete 
|  81|0x0000000087d00000, 0x0000000087e00000, 0x0000000087e00000|100%| O|  |TAMS 0x0000000087e00000| PB 0x0000000087d00000| Untracked 
|  82|0x0000000087e00000, 0x0000000087f00000, 0x0000000087f00000|100%| O|  |TAMS 0x0000000087f00000| PB 0x0000000087e00000| Untracked 
|  83|0x0000000087f00000, 0x0000000088000000, 0x0000000088000000|100%| O|  |TAMS 0x0000000088000000| PB 0x0000000087f00000| Untracked 
|  84|0x0000000088000000, 0x0000000088100000, 0x0000000088100000|100%| O|  |TAMS 0x0000000088100000| PB 0x0000000088000000| Untracked 
|  85|0x0000000088100000, 0x0000000088200000, 0x0000000088200000|100%| O|  |TAMS 0x0000000088200000| PB 0x0000000088100000| Untracked 
|  86|0x0000000088200000, 0x0000000088300000, 0x0000000088300000|100%| O|  |TAMS 0x0000000088300000| PB 0x0000000088200000| Untracked 
|  87|0x0000000088300000, 0x0000000088400000, 0x0000000088400000|100%| O|  |TAMS 0x0000000088400000| PB 0x0000000088300000| Untracked 
|  88|0x0000000088400000, 0x0000000088500000, 0x0000000088500000|100%| O|  |TAMS 0x0000000088500000| PB 0x0000000088400000| Untracked 
|  89|0x0000000088500000, 0x0000000088600000, 0x0000000088600000|100%| O|  |TAMS 0x0000000088600000| PB 0x0000000088500000| Untracked 
|  90|0x0000000088600000, 0x0000000088700000, 0x0000000088700000|100%| O|  |TAMS 0x0000000088700000| PB 0x0000000088600000| Untracked 
|  91|0x0000000088700000, 0x0000000088800000, 0x0000000088800000|100%| O|  |TAMS 0x0000000088800000| PB 0x0000000088700000| Untracked 
|  92|0x0000000088800000, 0x0000000088900000, 0x0000000088900000|100%| O|  |TAMS 0x0000000088900000| PB 0x0000000088800000| Untracked 
|  93|0x0000000088900000, 0x0000000088a00000, 0x0000000088a00000|100%| O|  |TAMS 0x0000000088a00000| PB 0x0000000088900000| Untracked 
|  94|0x0000000088a00000, 0x0000000088b00000, 0x0000000088b00000|100%| O|  |TAMS 0x0000000088b00000| PB 0x0000000088a00000| Untracked 
|  95|0x0000000088b00000, 0x0000000088c00000, 0x0000000088c00000|100%| O|  |TAMS 0x0000000088c00000| PB 0x0000000088b00000| Untracked 
|  96|0x0000000088c00000, 0x0000000088d00000, 0x0000000088d00000|100%| O|  |TAMS 0x0000000088d00000| PB 0x0000000088c00000| Untracked 
|  97|0x0000000088d00000, 0x0000000088e00000, 0x0000000088e00000|100%| O|  |TAMS 0x0000000088e00000| PB 0x0000000088d00000| Untracked 
|  98|0x0000000088e00000, 0x0000000088f00000, 0x0000000088f00000|100%| O|  |TAMS 0x0000000088f00000| PB 0x0000000088e00000| Untracked 
|  99|0x0000000088f00000, 0x0000000089000000, 0x0000000089000000|100%| O|  |TAMS 0x0000000089000000| PB 0x0000000088f00000| Untracked 
| 100|0x0000000089000000, 0x0000000089100000, 0x0000000089100000|100%| O|  |TAMS 0x0000000089100000| PB 0x0000000089000000| Untracked 
| 101|0x0000000089100000, 0x0000000089200000, 0x0000000089200000|100%| O|  |TAMS 0x0000000089200000| PB 0x0000000089100000| Untracked 
| 102|0x0000000089200000, 0x0000000089300000, 0x0000000089300000|100%| O|  |TAMS 0x0000000089300000| PB 0x0000000089200000| Untracked 
| 103|0x0000000089300000, 0x0000000089400000, 0x0000000089400000|100%| O|  |TAMS 0x0000000089400000| PB 0x0000000089300000| Untracked 
| 104|0x0000000089400000, 0x0000000089500000, 0x0000000089500000|100%| O|  |TAMS 0x0000000089500000| PB 0x0000000089400000| Untracked 
| 105|0x0000000089500000, 0x0000000089600000, 0x0000000089600000|100%| O|  |TAMS 0x0000000089600000| PB 0x0000000089500000| Untracked 
| 106|0x0000000089600000, 0x0000000089700000, 0x0000000089700000|100%| O|  |TAMS 0x0000000089700000| PB 0x0000000089600000| Untracked 
| 107|0x0000000089700000, 0x0000000089800000, 0x0000000089800000|100%| O|  |TAMS 0x0000000089800000| PB 0x0000000089700000| Untracked 
| 108|0x0000000089800000, 0x0000000089900000, 0x0000000089900000|100%| O|  |TAMS 0x0000000089900000| PB 0x0000000089800000| Untracked 
| 109|0x0000000089900000, 0x0000000089a00000, 0x0000000089a00000|100%| O|  |TAMS 0x0000000089a00000| PB 0x0000000089900000| Untracked 
| 110|0x0000000089a00000, 0x0000000089b00000, 0x0000000089b00000|100%| O|  |TAMS 0x0000000089b00000| PB 0x0000000089a00000| Untracked 
| 111|0x0000000089b00000, 0x0000000089c00000, 0x0000000089c00000|100%| O|  |TAMS 0x0000000089c00000| PB 0x0000000089b00000| Untracked 
| 112|0x0000000089c00000, 0x0000000089d00000, 0x0000000089d00000|100%| O|  |TAMS 0x0000000089d00000| PB 0x0000000089c00000| Untracked 
| 113|0x0000000089d00000, 0x0000000089e00000, 0x0000000089e00000|100%| O|  |TAMS 0x0000000089e00000| PB 0x0000000089d00000| Untracked 
| 114|0x0000000089e00000, 0x0000000089f00000, 0x0000000089f00000|100%| O|  |TAMS 0x0000000089f00000| PB 0x0000000089e00000| Untracked 
| 115|0x0000000089f00000, 0x000000008a000000, 0x000000008a000000|100%| O|  |TAMS 0x000000008a000000| PB 0x0000000089f00000| Untracked 
| 116|0x000000008a000000, 0x000000008a100000, 0x000000008a100000|100%| O|  |TAMS 0x000000008a100000| PB 0x000000008a000000| Untracked 
| 117|0x000000008a100000, 0x000000008a200000, 0x000000008a200000|100%| O|  |TAMS 0x000000008a200000| PB 0x000000008a100000| Untracked 
| 118|0x000000008a200000, 0x000000008a300000, 0x000000008a300000|100%| O|  |TAMS 0x000000008a300000| PB 0x000000008a200000| Untracked 
| 119|0x000000008a300000, 0x000000008a400000, 0x000000008a400000|100%| O|  |TAMS 0x000000008a400000| PB 0x000000008a300000| Untracked 
| 120|0x000000008a400000, 0x000000008a500000, 0x000000008a500000|100%| O|  |TAMS 0x000000008a500000| PB 0x000000008a400000| Untracked 
| 121|0x000000008a500000, 0x000000008a600000, 0x000000008a600000|100%| O|  |TAMS 0x000000008a600000| PB 0x000000008a500000| Untracked 
| 122|0x000000008a600000, 0x000000008a700000, 0x000000008a700000|100%| O|  |TAMS 0x000000008a700000| PB 0x000000008a600000| Untracked 
| 123|0x000000008a700000, 0x000000008a800000, 0x000000008a800000|100%| O|  |TAMS 0x000000008a800000| PB 0x000000008a700000| Untracked 
| 124|0x000000008a800000, 0x000000008a900000, 0x000000008a900000|100%| O|  |TAMS 0x000000008a900000| PB 0x000000008a800000| Untracked 
| 125|0x000000008a900000, 0x000000008aa00000, 0x000000008aa00000|100%| O|  |TAMS 0x000000008aa00000| PB 0x000000008a900000| Untracked 
| 126|0x000000008aa00000, 0x000000008ab00000, 0x000000008ab00000|100%| O|  |TAMS 0x000000008ab00000| PB 0x000000008aa00000| Untracked 
| 127|0x000000008ab00000, 0x000000008ac00000, 0x000000008ac00000|100%| O|  |TAMS 0x000000008ac00000| PB 0x000000008ab00000| Untracked 
| 128|0x000000008ac00000, 0x000000008ad00000, 0x000000008ad00000|100%| O|  |TAMS 0x000000008ad00000| PB 0x000000008ac00000| Untracked 
| 129|0x000000008ad00000, 0x000000008ae00000, 0x000000008ae00000|100%| O|  |TAMS 0x000000008ae00000| PB 0x000000008ad00000| Untracked 
| 130|0x000000008ae00000, 0x000000008af00000, 0x000000008af00000|100%| O|  |TAMS 0x000000008af00000| PB 0x000000008ae00000| Untracked 
| 131|0x000000008af00000, 0x000000008b000000, 0x000000008b000000|100%| O|  |TAMS 0x000000008b000000| PB 0x000000008af00000| Untracked 
| 132|0x000000008b000000, 0x000000008b100000, 0x000000008b100000|100%| O|  |TAMS 0x000000008b100000| PB 0x000000008b000000| Untracked 
| 133|0x000000008b100000, 0x000000008b200000, 0x000000008b200000|100%| O|  |TAMS 0x000000008b200000| PB 0x000000008b100000| Untracked 
| 134|0x000000008b200000, 0x000000008b300000, 0x000000008b300000|100%| O|  |TAMS 0x000000008b300000| PB 0x000000008b200000| Untracked 
| 135|0x000000008b300000, 0x000000008b400000, 0x000000008b400000|100%| O|  |TAMS 0x000000008b400000| PB 0x000000008b300000| Untracked 
| 136|0x000000008b400000, 0x000000008b500000, 0x000000008b500000|100%| O|  |TAMS 0x000000008b500000| PB 0x000000008b400000| Untracked 
| 137|0x000000008b500000, 0x000000008b600000, 0x000000008b600000|100%| O|  |TAMS 0x000000008b600000| PB 0x000000008b500000| Untracked 
| 138|0x000000008b600000, 0x000000008b700000, 0x000000008b700000|100%| E|CS|TAMS 0x000000008b700000| PB 0x000000008b600000| Complete 
| 139|0x000000008b700000, 0x000000008b800000, 0x000000008b800000|100%| E|CS|TAMS 0x000000008b800000| PB 0x000000008b700000| Complete 
| 140|0x000000008b800000, 0x000000008b900000, 0x000000008b900000|100%| E|CS|TAMS 0x000000008b900000| PB 0x000000008b800000| Complete 
| 141|0x000000008b900000, 0x000000008ba00000, 0x000000008ba00000|100%| E|CS|TAMS 0x000000008ba00000| PB 0x000000008b900000| Complete 
| 142|0x000000008ba00000, 0x000000008bb00000, 0x000000008bb00000|100%| O|  |TAMS 0x000000008ba00000| PB 0x000000008ba00000| Untracked 
| 143|0x000000008bb00000, 0x000000008bc00000, 0x000000008bc00000|100%| O|  |TAMS 0x000000008bb00000| PB 0x000000008bb00000| Untracked 
| 144|0x000000008bc00000, 0x000000008bd00000, 0x000000008bd00000|100%| O|  |TAMS 0x000000008bc00000| PB 0x000000008bc00000| Untracked 
| 145|0x000000008bd00000, 0x000000008be00000, 0x000000008be00000|100%| O|  |TAMS 0x000000008bd00000| PB 0x000000008bd00000| Untracked 
| 146|0x000000008be00000, 0x000000008bf00000, 0x000000008bf00000|100%| O|  |TAMS 0x000000008be00000| PB 0x000000008be00000| Untracked 
| 147|0x000000008bf00000, 0x000000008c000000, 0x000000008c000000|100%| O|  |TAMS 0x000000008bf00000| PB 0x000000008bf00000| Untracked 
| 148|0x000000008c000000, 0x000000008c100000, 0x000000008c100000|100%| O|  |TAMS 0x000000008c000000| PB 0x000000008c000000| Untracked 
| 149|0x000000008c100000, 0x000000008c200000, 0x000000008c200000|100%| O|  |TAMS 0x000000008c100000| PB 0x000000008c100000| Untracked 
| 150|0x000000008c200000, 0x000000008c300000, 0x000000008c300000|100%| O|  |TAMS 0x000000008c200000| PB 0x000000008c200000| Untracked 
| 151|0x000000008c300000, 0x000000008c400000, 0x000000008c400000|100%| O|  |TAMS 0x000000008c300000| PB 0x000000008c300000| Untracked 
| 152|0x000000008c400000, 0x000000008c500000, 0x000000008c500000|100%| O|  |TAMS 0x000000008c400000| PB 0x000000008c400000| Untracked 
| 153|0x000000008c500000, 0x000000008c600000, 0x000000008c600000|100%| O|  |TAMS 0x000000008c500000| PB 0x000000008c500000| Untracked 
| 154|0x000000008c600000, 0x000000008c700000, 0x000000008c700000|100%| O|  |TAMS 0x000000008c600000| PB 0x000000008c600000| Untracked 
| 155|0x000000008c700000, 0x000000008c800000, 0x000000008c800000|100%| O|  |TAMS 0x000000008c700000| PB 0x000000008c700000| Untracked 
| 156|0x000000008c800000, 0x000000008c900000, 0x000000008c900000|100%| O|  |TAMS 0x000000008c800000| PB 0x000000008c800000| Untracked 
| 157|0x000000008c900000, 0x000000008ca00000, 0x000000008ca00000|100%| O|  |TAMS 0x000000008c900000| PB 0x000000008c900000| Untracked 
| 158|0x000000008ca00000, 0x000000008cb00000, 0x000000008cb00000|100%| E|CS|TAMS 0x000000008cb00000| PB 0x000000008ca00000| Complete 
| 159|0x000000008cb00000, 0x000000008cc00000, 0x000000008cc00000|100%| E|CS|TAMS 0x000000008cc00000| PB 0x000000008cb00000| Complete 
| 160|0x000000008cc00000, 0x000000008cd00000, 0x000000008cd00000|100%| E|CS|TAMS 0x000000008cd00000| PB 0x000000008cc00000| Complete 
| 161|0x000000008cd00000, 0x000000008ce00000, 0x000000008ce00000|100%| E|CS|TAMS 0x000000008ce00000| PB 0x000000008cd00000| Complete 
| 162|0x000000008ce00000, 0x000000008cf00000, 0x000000008cf00000|100%| E|CS|TAMS 0x000000008cf00000| PB 0x000000008ce00000| Complete 
| 163|0x000000008cf00000, 0x000000008d000000, 0x000000008d000000|100%| E|CS|TAMS 0x000000008d000000| PB 0x000000008cf00000| Complete 
| 164|0x000000008d000000, 0x000000008d100000, 0x000000008d100000|100%| E|CS|TAMS 0x000000008d100000| PB 0x000000008d000000| Complete 
| 165|0x000000008d100000, 0x000000008d200000, 0x000000008d200000|100%| E|CS|TAMS 0x000000008d200000| PB 0x000000008d100000| Complete 
| 166|0x000000008d200000, 0x000000008d300000, 0x000000008d300000|100%| E|CS|TAMS 0x000000008d300000| PB 0x000000008d200000| Complete 
| 167|0x000000008d300000, 0x000000008d400000, 0x000000008d400000|100%| E|CS|TAMS 0x000000008d400000| PB 0x000000008d300000| Complete 
| 168|0x000000008d400000, 0x000000008d500000, 0x000000008d500000|100%| O|  |TAMS 0x000000008d400000| PB 0x000000008d400000| Untracked 
| 169|0x000000008d500000, 0x000000008d600000, 0x000000008d600000|100%| O|  |TAMS 0x000000008d500000| PB 0x000000008d500000| Untracked 
| 170|0x000000008d600000, 0x000000008d700000, 0x000000008d700000|100%| O|  |TAMS 0x000000008d600000| PB 0x000000008d600000| Untracked 
| 171|0x000000008d700000, 0x000000008d800000, 0x000000008d800000|100%| O|  |TAMS 0x000000008d700000| PB 0x000000008d700000| Untracked 
| 172|0x000000008d800000, 0x000000008d900000, 0x000000008d900000|100%| O|  |TAMS 0x000000008d800000| PB 0x000000008d800000| Untracked 
| 173|0x000000008d900000, 0x000000008da00000, 0x000000008da00000|100%| O|  |TAMS 0x000000008d900000| PB 0x000000008d900000| Untracked 
| 174|0x000000008da00000, 0x000000008db00000, 0x000000008db00000|100%| O|  |TAMS 0x000000008da00000| PB 0x000000008da00000| Untracked 
| 175|0x000000008db00000, 0x000000008dc00000, 0x000000008dc00000|100%| O|  |TAMS 0x000000008db00000| PB 0x000000008db00000| Untracked 
| 176|0x000000008dc00000, 0x000000008dd00000, 0x000000008dd00000|100%| O|  |TAMS 0x000000008dc00000| PB 0x000000008dc00000| Untracked 
| 177|0x000000008dd00000, 0x000000008de00000, 0x000000008de00000|100%| O|  |TAMS 0x000000008dd00000| PB 0x000000008dd00000| Untracked 
| 178|0x000000008de00000, 0x000000008df00000, 0x000000008df00000|100%| O|  |TAMS 0x000000008de00000| PB 0x000000008de00000| Untracked 
| 179|0x000000008df00000, 0x000000008e000000, 0x000000008e000000|100%| O|  |TAMS 0x000000008df00000| PB 0x000000008df00000| Untracked 
| 180|0x000000008e000000, 0x000000008e100000, 0x000000008e100000|100%| O|  |TAMS 0x000000008e000000| PB 0x000000008e000000| Untracked 
| 181|0x000000008e100000, 0x000000008e200000, 0x000000008e200000|100%| O|  |TAMS 0x000000008e100000| PB 0x000000008e100000| Untracked 
| 182|0x000000008e200000, 0x000000008e300000, 0x000000008e300000|100%| O|  |TAMS 0x000000008e200000| PB 0x000000008e200000| Untracked 
| 183|0x000000008e300000, 0x000000008e400000, 0x000000008e400000|100%| O|  |TAMS 0x000000008e300000| PB 0x000000008e300000| Untracked 
| 184|0x000000008e400000, 0x000000008e500000, 0x000000008e500000|100%| O|  |TAMS 0x000000008e400000| PB 0x000000008e400000| Untracked 
| 185|0x000000008e500000, 0x000000008e600000, 0x000000008e600000|100%| O|  |TAMS 0x000000008e500000| PB 0x000000008e500000| Untracked 
| 186|0x000000008e600000, 0x000000008e700000, 0x000000008e700000|100%| O|  |TAMS 0x000000008e600000| PB 0x000000008e600000| Untracked 
| 187|0x000000008e700000, 0x000000008e800000, 0x000000008e800000|100%| O|  |TAMS 0x000000008e700000| PB 0x000000008e700000| Untracked 
| 188|0x000000008e800000, 0x000000008e900000, 0x000000008e900000|100%| O|  |TAMS 0x000000008e800000| PB 0x000000008e800000| Untracked 
| 189|0x000000008e900000, 0x000000008ea00000, 0x000000008ea00000|100%| O|  |TAMS 0x000000008e900000| PB 0x000000008e900000| Untracked 
| 190|0x000000008ea00000, 0x000000008eb00000, 0x000000008eb00000|100%| O|  |TAMS 0x000000008ea00000| PB 0x000000008ea00000| Untracked 
| 191|0x000000008eb00000, 0x000000008ec00000, 0x000000008ec00000|100%| O|  |TAMS 0x000000008eb00000| PB 0x000000008eb00000| Untracked 
| 192|0x000000008ec00000, 0x000000008ed00000, 0x000000008ed00000|100%| O|  |TAMS 0x000000008ec00000| PB 0x000000008ec00000| Untracked 
| 193|0x000000008ed00000, 0x000000008ee00000, 0x000000008ee00000|100%| O|  |TAMS 0x000000008ed00000| PB 0x000000008ed00000| Untracked 
| 194|0x000000008ee00000, 0x000000008ef00000, 0x000000008ef00000|100%| O|  |TAMS 0x000000008ee00000| PB 0x000000008ee00000| Untracked 
| 195|0x000000008ef00000, 0x000000008f000000, 0x000000008f000000|100%| O|  |TAMS 0x000000008ef00000| PB 0x000000008ef00000| Untracked 
| 196|0x000000008f000000, 0x000000008f100000, 0x000000008f100000|100%| S|  |TAMS 0x000000008f000000| PB 0x000000008f000000| Complete 
| 197|0x000000008f100000, 0x000000008f200000, 0x000000008f200000|100%| S|  |TAMS 0x000000008f100000| PB 0x000000008f100000| Complete 
| 198|0x000000008f200000, 0x000000008f300000, 0x000000008f300000|100%| S|  |TAMS 0x000000008f200000| PB 0x000000008f200000| Complete 
| 199|0x000000008f300000, 0x000000008f400000, 0x000000008f400000|100%| S|  |TAMS 0x000000008f300000| PB 0x000000008f300000| Complete 
| 200|0x000000008f400000, 0x000000008f500000, 0x000000008f500000|100%| S|  |TAMS 0x000000008f400000| PB 0x000000008f400000| Complete 
| 201|0x000000008f500000, 0x000000008f600000, 0x000000008f600000|100%| S|  |TAMS 0x000000008f500000| PB 0x000000008f500000| Complete 
| 202|0x000000008f600000, 0x000000008f700000, 0x000000008f700000|100%| S|  |TAMS 0x000000008f600000| PB 0x000000008f600000| Complete 
| 203|0x000000008f700000, 0x000000008f800000, 0x000000008f800000|100%| S|  |TAMS 0x000000008f700000| PB 0x000000008f700000| Complete 
| 204|0x000000008f800000, 0x000000008f900000, 0x000000008f900000|100%| S|  |TAMS 0x000000008f800000| PB 0x000000008f800000| Complete 
| 205|0x000000008f900000, 0x000000008fa00000, 0x000000008fa00000|100%| E|CS|TAMS 0x000000008fa00000| PB 0x000000008f900000| Complete 
| 206|0x000000008fa00000, 0x000000008fb00000, 0x000000008fb00000|100%| E|CS|TAMS 0x000000008fb00000| PB 0x000000008fa00000| Complete 
| 207|0x000000008fb00000, 0x000000008fc00000, 0x000000008fc00000|100%| E|CS|TAMS 0x000000008fc00000| PB 0x000000008fb00000| Complete 
| 208|0x000000008fc00000, 0x000000008fd00000, 0x000000008fd00000|100%| E|CS|TAMS 0x000000008fd00000| PB 0x000000008fc00000| Complete 
| 209|0x000000008fd00000, 0x000000008fe00000, 0x000000008fe00000|100%| E|CS|TAMS 0x000000008fe00000| PB 0x000000008fd00000| Complete 
| 210|0x000000008fe00000, 0x000000008ff00000, 0x000000008ff00000|100%| E|CS|TAMS 0x000000008ff00000| PB 0x000000008fe00000| Complete 
| 211|0x000000008ff00000, 0x0000000090000000, 0x0000000090000000|100%| E|CS|TAMS 0x0000000090000000| PB 0x000000008ff00000| Complete 
| 212|0x0000000090000000, 0x0000000090100000, 0x0000000090100000|100%| E|CS|TAMS 0x0000000090100000| PB 0x0000000090000000| Complete 
| 213|0x0000000090100000, 0x0000000090200000, 0x0000000090200000|100%| E|CS|TAMS 0x0000000090200000| PB 0x0000000090100000| Complete 
| 214|0x0000000090200000, 0x0000000090300000, 0x0000000090300000|100%| E|CS|TAMS 0x0000000090300000| PB 0x0000000090200000| Complete 
| 215|0x0000000090300000, 0x0000000090400000, 0x0000000090400000|100%| E|CS|TAMS 0x0000000090400000| PB 0x0000000090300000| Complete 
| 216|0x0000000090400000, 0x0000000090500000, 0x0000000090500000|100%| E|CS|TAMS 0x0000000090500000| PB 0x0000000090400000| Complete 
| 217|0x0000000090500000, 0x0000000090600000, 0x0000000090600000|100%| E|CS|TAMS 0x0000000090600000| PB 0x0000000090500000| Complete 
| 218|0x0000000090600000, 0x0000000090700000, 0x0000000090700000|100%| E|CS|TAMS 0x0000000090700000| PB 0x0000000090600000| Complete 
| 219|0x0000000090700000, 0x0000000090800000, 0x0000000090800000|100%| E|CS|TAMS 0x0000000090800000| PB 0x0000000090700000| Complete 
| 220|0x0000000090800000, 0x0000000090900000, 0x0000000090900000|100%| E|CS|TAMS 0x0000000090900000| PB 0x0000000090800000| Complete 
| 221|0x0000000090900000, 0x0000000090a00000, 0x0000000090a00000|100%| E|CS|TAMS 0x0000000090a00000| PB 0x0000000090900000| Complete 
| 222|0x0000000090a00000, 0x0000000090b00000, 0x0000000090b00000|100%| E|CS|TAMS 0x0000000090b00000| PB 0x0000000090a00000| Complete 
| 223|0x0000000090b00000, 0x0000000090c00000, 0x0000000090c00000|100%| E|CS|TAMS 0x0000000090c00000| PB 0x0000000090b00000| Complete 
| 224|0x0000000090c00000, 0x0000000090d00000, 0x0000000090d00000|100%| E|CS|TAMS 0x0000000090d00000| PB 0x0000000090c00000| Complete 
| 225|0x0000000090d00000, 0x0000000090e00000, 0x0000000090e00000|100%| E|CS|TAMS 0x0000000090e00000| PB 0x0000000090d00000| Complete 
| 226|0x0000000090e00000, 0x0000000090f00000, 0x0000000090f00000|100%| E|CS|TAMS 0x0000000090f00000| PB 0x0000000090e00000| Complete 
| 227|0x0000000090f00000, 0x0000000091000000, 0x0000000091000000|100%| E|CS|TAMS 0x0000000091000000| PB 0x0000000090f00000| Complete 
| 228|0x0000000091000000, 0x0000000091100000, 0x0000000091100000|100%| E|CS|TAMS 0x0000000091100000| PB 0x0000000091000000| Complete 
| 229|0x0000000091100000, 0x0000000091200000, 0x0000000091200000|100%| E|CS|TAMS 0x0000000091200000| PB 0x0000000091100000| Complete 
| 230|0x0000000091200000, 0x0000000091300000, 0x0000000091300000|100%| E|CS|TAMS 0x0000000091300000| PB 0x0000000091200000| Complete 
| 231|0x0000000091300000, 0x0000000091400000, 0x0000000091400000|100%| E|CS|TAMS 0x0000000091400000| PB 0x0000000091300000| Complete 
| 232|0x0000000091400000, 0x0000000091500000, 0x0000000091500000|100%| E|CS|TAMS 0x0000000091500000| PB 0x0000000091400000| Complete 
| 233|0x0000000091500000, 0x0000000091600000, 0x0000000091600000|100%| E|CS|TAMS 0x0000000091600000| PB 0x0000000091500000| Complete 
| 234|0x0000000091600000, 0x0000000091700000, 0x0000000091700000|100%| E|CS|TAMS 0x0000000091700000| PB 0x0000000091600000| Complete 
| 235|0x0000000091700000, 0x0000000091800000, 0x0000000091800000|100%| E|CS|TAMS 0x0000000091800000| PB 0x0000000091700000| Complete 
| 236|0x0000000091800000, 0x0000000091900000, 0x0000000091900000|100%| E|CS|TAMS 0x0000000091900000| PB 0x0000000091800000| Complete 
| 237|0x0000000091900000, 0x0000000091a00000, 0x0000000091a00000|100%| E|CS|TAMS 0x0000000091a00000| PB 0x0000000091900000| Complete 
| 238|0x0000000091a00000, 0x0000000091b00000, 0x0000000091b00000|100%| E|CS|TAMS 0x0000000091b00000| PB 0x0000000091a00000| Complete 
| 239|0x0000000091b00000, 0x0000000091c00000, 0x0000000091c00000|100%| E|CS|TAMS 0x0000000091c00000| PB 0x0000000091b00000| Complete 
| 240|0x0000000091c00000, 0x0000000091d00000, 0x0000000091d00000|100%| E|CS|TAMS 0x0000000091d00000| PB 0x0000000091c00000| Complete 
| 241|0x0000000091d00000, 0x0000000091e00000, 0x0000000091e00000|100%| E|CS|TAMS 0x0000000091e00000| PB 0x0000000091d00000| Complete 
| 242|0x0000000091e00000, 0x0000000091f00000, 0x0000000091f00000|100%| E|CS|TAMS 0x0000000091f00000| PB 0x0000000091e00000| Complete 
| 243|0x0000000091f00000, 0x0000000092000000, 0x0000000092000000|100%| E|CS|TAMS 0x0000000092000000| PB 0x0000000091f00000| Complete 
| 244|0x0000000092000000, 0x0000000092100000, 0x0000000092100000|100%| E|CS|TAMS 0x0000000092100000| PB 0x0000000092000000| Complete 
| 245|0x0000000092100000, 0x0000000092200000, 0x0000000092200000|100%| E|CS|TAMS 0x0000000092200000| PB 0x0000000092100000| Complete 
| 246|0x0000000092200000, 0x0000000092300000, 0x0000000092300000|100%| E|CS|TAMS 0x0000000092300000| PB 0x0000000092200000| Complete 
| 247|0x0000000092300000, 0x0000000092400000, 0x0000000092400000|100%| E|CS|TAMS 0x0000000092400000| PB 0x0000000092300000| Complete 
| 248|0x0000000092400000, 0x0000000092500000, 0x0000000092500000|100%| E|CS|TAMS 0x0000000092500000| PB 0x0000000092400000| Complete 
| 249|0x0000000092500000, 0x0000000092600000, 0x0000000092600000|100%| E|CS|TAMS 0x0000000092600000| PB 0x0000000092500000| Complete 
| 250|0x0000000092600000, 0x0000000092700000, 0x0000000092700000|100%| E|CS|TAMS 0x0000000092700000| PB 0x0000000092600000| Complete 
| 251|0x0000000092700000, 0x0000000092800000, 0x0000000092800000|100%| E|CS|TAMS 0x0000000092800000| PB 0x0000000092700000| Complete 
| 252|0x0000000092800000, 0x0000000092900000, 0x0000000092900000|100%| E|CS|TAMS 0x0000000092900000| PB 0x0000000092800000| Complete 
| 253|0x0000000092900000, 0x0000000092a00000, 0x0000000092a00000|100%| E|CS|TAMS 0x0000000092a00000| PB 0x0000000092900000| Complete 
| 254|0x0000000092a00000, 0x0000000092b00000, 0x0000000092b00000|100%| E|CS|TAMS 0x0000000092b00000| PB 0x0000000092a00000| Complete 
| 255|0x0000000092b00000, 0x0000000092c00000, 0x0000000092c00000|100%| E|CS|TAMS 0x0000000092c00000| PB 0x0000000092b00000| Complete 
| 256|0x0000000092c00000, 0x0000000092d00000, 0x0000000092d00000|100%| E|CS|TAMS 0x0000000092d00000| PB 0x0000000092c00000| Complete 
| 257|0x0000000092d00000, 0x0000000092e00000, 0x0000000092e00000|100%| E|CS|TAMS 0x0000000092e00000| PB 0x0000000092d00000| Complete 
| 258|0x0000000092e00000, 0x0000000092f00000, 0x0000000092f00000|100%| E|CS|TAMS 0x0000000092f00000| PB 0x0000000092e00000| Complete 
| 259|0x0000000092f00000, 0x0000000093000000, 0x0000000093000000|100%| E|CS|TAMS 0x0000000093000000| PB 0x0000000092f00000| Complete 
| 260|0x0000000093000000, 0x0000000093100000, 0x0000000093100000|100%| E|CS|TAMS 0x0000000093100000| PB 0x0000000093000000| Complete 
| 261|0x0000000093100000, 0x0000000093200000, 0x0000000093200000|100%| E|CS|TAMS 0x0000000093200000| PB 0x0000000093100000| Complete 
| 262|0x0000000093200000, 0x0000000093300000, 0x0000000093300000|100%| E|CS|TAMS 0x0000000093300000| PB 0x0000000093200000| Complete 
|1989|0x00000000ff100000, 0x00000000ff200000, 0x00000000ff200000|100%| O|  |TAMS 0x00000000ff100000| PB 0x00000000ff100000| Untracked 
|1990|0x00000000ff200000, 0x00000000ff300000, 0x00000000ff300000|100%| O|  |TAMS 0x00000000ff200000| PB 0x00000000ff200000| Untracked 
|1991|0x00000000ff300000, 0x00000000ff400000, 0x00000000ff400000|100%| O|  |TAMS 0x00000000ff300000| PB 0x00000000ff300000| Untracked 
|1992|0x00000000ff400000, 0x00000000ff500000, 0x00000000ff500000|100%| O|  |TAMS 0x00000000ff400000| PB 0x00000000ff400000| Untracked 
|1993|0x00000000ff500000, 0x00000000ff600000, 0x00000000ff600000|100%| O|  |TAMS 0x00000000ff500000| PB 0x00000000ff500000| Untracked 
|1994|0x00000000ff600000, 0x00000000ff700000, 0x00000000ff700000|100%| O|  |TAMS 0x00000000ff600000| PB 0x00000000ff600000| Untracked 
|1995|0x00000000ff700000, 0x00000000ff800000, 0x00000000ff800000|100%| O|  |TAMS 0x00000000ff780000| PB 0x00000000ff700000| Untracked 
|1996|0x00000000ff800000, 0x00000000ff900000, 0x00000000ff900000|100%| O|  |TAMS 0x00000000ff900000| PB 0x00000000ff800000| Untracked 
|1997|0x00000000ff900000, 0x00000000ffa00000, 0x00000000ffa00000|100%| O|  |TAMS 0x00000000ffa00000| PB 0x00000000ff900000| Untracked 
|1998|0x00000000ffa00000, 0x00000000ffb00000, 0x00000000ffb00000|100%| O|  |TAMS 0x00000000ffb00000| PB 0x00000000ffa00000| Untracked 
|1999|0x00000000ffb00000, 0x00000000ffc00000, 0x00000000ffc00000|100%| O|  |TAMS 0x00000000ffc00000| PB 0x00000000ffb00000| Untracked 
|2000|0x00000000ffc00000, 0x00000000ffd00000, 0x00000000ffd00000|100%| O|  |TAMS 0x00000000ffd00000| PB 0x00000000ffc00000| Untracked 
|2001|0x00000000ffd00000, 0x00000000ffe00000, 0x00000000ffe00000|100%| O|  |TAMS 0x00000000ffe00000| PB 0x00000000ffd00000| Untracked 
|2002|0x00000000ffe00000, 0x00000000fff00000, 0x00000000fff00000|100%| O|  |TAMS 0x00000000fff00000| PB 0x00000000ffe00000| Untracked 
|2003|0x00000000fff00000, 0x0000000100000000, 0x0000000100000000|100%| O|  |TAMS 0x0000000100000000| PB 0x00000000fff00000| Untracked 

Card table byte_map: [0x00000183003f0000,0x00000183007e0000] _byte_map_base: 0x00000182fffda000

Marking Bits: (CMBitMap*) 0x0000018368919490
 Bits: [0x0000018300bd0000, 0x0000018302b20000)

Polling page: 0x0000018366a50000

Metaspace:

Usage:
  Non-class:     16.05 MB used.
      Class:      2.70 MB used.
       Both:     18.75 MB used.

Virtual space:
  Non-class space:       64.00 MB reserved,      16.25 MB ( 25%) committed,  1 nodes.
      Class space:        1.00 GB reserved,       2.81 MB ( <1%) committed,  1 nodes.
             Both:        1.06 GB reserved,      19.06 MB (  2%) committed. 

Chunk freelists:
   Non-Class:  3.59 MB
       Class:  1.14 MB
        Both:  4.73 MB

MaxMetaspaceSize: unlimited
CompressedClassSpaceSize: 1.00 GB
Initial GC threshold: 21.00 MB
Current GC threshold: 31.81 MB
CDS: on
MetaspaceReclaimPolicy: balanced
 - commit_granule_bytes: 65536.
 - commit_granule_words: 8192.
 - virtual_space_node_default_size: 8388608.
 - enlarge_chunks_in_place: 1.
 - new_chunks_are_fully_committed: 0.
 - uncommit_free_chunks: 1.
 - use_allocation_guard: 0.


Internal statistics:

num_allocs_failed_limit: 0.
num_arena_births: 380.
num_arena_deaths: 0.
num_vsnodes_births: 2.
num_vsnodes_deaths: 0.
num_space_committed: 305.
num_space_uncommitted: 0.
num_chunks_returned_to_freelist: 0.
num_chunks_taken_from_freelist: 1008.
num_chunk_merges: 0.
num_chunk_splits: 697.
num_chunks_enlarged: 520.
num_inconsistent_stats: 0.

CodeHeap 'non-profiled nmethods': size=120000Kb used=1359Kb max_used=1359Kb free=118640Kb
 bounds [0x0000018378460000, 0x00000183786d0000, 0x000001837f990000]
CodeHeap 'profiled nmethods': size=120000Kb used=6749Kb max_used=6749Kb free=113250Kb
 bounds [0x0000018370990000, 0x0000018371030000, 0x0000018377ec0000]
CodeHeap 'non-nmethods': size=5760Kb used=1904Kb max_used=1932Kb free=3855Kb
 bounds [0x0000018377ec0000, 0x0000018378130000, 0x0000018378460000]
 total_blobs=4406 nmethods=3553 adapters=762
 compilation: enabled
              stopped_count=0, restarted_count=0
 full_count=0

Compilation events (20 events):
Event: 16.755 Thread 0x000001830521e1a0 3548       4       java.lang.StringConcatHelper::prepend (22 bytes)
Event: 16.756 Thread 0x000001830521e1a0 nmethod 3548 0x00000183785ae990 code [0x00000183785aeb20, 0x00000183785aedf8]
Event: 16.756 Thread 0x000001830521e1a0 3549       4       java.lang.StringConcatHelper::mix (22 bytes)
Event: 16.757 Thread 0x000001830521e1a0 nmethod 3549 0x00000183785af010 code [0x00000183785af180, 0x00000183785af220]
Event: 16.757 Thread 0x000001830521e1a0 3550       4       java.lang.StringConcatHelper::prepend (22 bytes)
Event: 16.757 Thread 0x000001830521e1a0 nmethod 3550 0x00000183785af310 code [0x00000183785af480, 0x00000183785af568]
Event: 16.757 Thread 0x000001830521e1a0 3551       4       java.lang.StringConcatHelper::prepend (38 bytes)
Event: 16.757 Thread 0x000001830521e1a0 nmethod 3551 0x00000183785af690 code [0x00000183785af800, 0x00000183785af8c8]
Event: 16.757 Thread 0x000001830521e1a0 3552       4       com.example.mydictionary.search.Trie::add (49 bytes)
Event: 16.765 Thread 0x000001830521e1a0 nmethod 3552 0x00000183785af990 code [0x00000183785afb60, 0x00000183785b0468]
Event: 16.765 Thread 0x000001830521e1a0 3553       4       com.example.mydictionary.search.Trie::insert (95 bytes)
Event: 16.785 Thread 0x000001830521e1a0 nmethod 3553 0x00000183785b0c90 code [0x00000183785b0f00, 0x00000183785b2210]
Event: 16.807 Thread 0x000001830521e1a0 3554       4       java.lang.StringLatin1::toChars (16 bytes)
Event: 16.807 Thread 0x000001830521e1a0 nmethod 3554 0x00000183785b3310 code [0x00000183785b3480, 0x00000183785b3640]
Event: 16.818 Thread 0x000001830521fc60 3555 % !   3       com.example.mydictionary.basic.DictionaryManagement::setTrie @ 5 (55 bytes)
Event: 16.818 Thread 0x000001830521fc60 nmethod 3555% 0x0000018371025510 code [0x0000018371025760, 0x0000018371026230]
Event: 16.819 Thread 0x000001830521fc60 3556   !   3       com.example.mydictionary.basic.DictionaryManagement::setTrie (55 bytes)
Event: 16.819 Thread 0x000001830521fc60 nmethod 3556 0x0000018371026710 code [0x0000018371026960, 0x0000018371027310]
Event: 16.832 Thread 0x000001830521e1a0 3557 % !   4       com.example.mydictionary.basic.DictionaryManagement::setTrie @ 5 (55 bytes)
Event: 16.835 Thread 0x000001830521e1a0 nmethod 3557% 0x00000183785b3710 code [0x00000183785b38c0, 0x00000183785b3bf0]

GC Heap History (20 events):
Event: 3.017 GC heap after
{Heap after GC invocations=2 (full 0):
 garbage-first heap   total 129024K, used 9710K [0x0000000082c00000, 0x0000000100000000)
  region size 1024K, 5 young (5120K), 5 survivors (5120K)
 Metaspace       used 14686K, committed 14976K, reserved 1114112K
  class space    used 2235K, committed 2368K, reserved 1048576K
}
Event: 16.142 GC heap before
{Heap before GC invocations=2 (full 0):
 garbage-first heap   total 129024K, used 71150K [0x0000000082c00000, 0x0000000100000000)
  region size 1024K, 59 young (60416K), 5 survivors (5120K)
 Metaspace       used 19166K, committed 19456K, reserved 1114112K
  class space    used 2762K, committed 2880K, reserved 1048576K
}
Event: 16.151 GC heap after
{Heap after GC invocations=3 (full 0):
 garbage-first heap   total 129024K, used 26488K [0x0000000082c00000, 0x0000000100000000)
  region size 1024K, 8 young (8192K), 8 survivors (8192K)
 Metaspace       used 19166K, committed 19456K, reserved 1114112K
  class space    used 2762K, committed 2880K, reserved 1048576K
}
Event: 16.233 GC heap before
{Heap before GC invocations=3 (full 0):
 garbage-first heap   total 129024K, used 93048K [0x0000000082c00000, 0x0000000100000000)
  region size 1024K, 73 young (74752K), 8 survivors (8192K)
 Metaspace       used 19179K, committed 19520K, reserved 1114112K
  class space    used 2764K, committed 2880K, reserved 1048576K
}
Event: 16.249 GC heap after
{Heap after GC invocations=4 (full 0):
 garbage-first heap   total 129024K, used 38912K [0x0000000082c00000, 0x0000000100000000)
  region size 1024K, 10 young (10240K), 10 survivors (10240K)
 Metaspace       used 19179K, committed 19520K, reserved 1114112K
  class space    used 2764K, committed 2880K, reserved 1048576K
}
Event: 16.296 GC heap before
{Heap before GC invocations=4 (full 0):
 garbage-first heap   total 129024K, used 95232K [0x0000000082c00000, 0x0000000100000000)
  region size 1024K, 65 young (66560K), 10 survivors (10240K)
 Metaspace       used 19179K, committed 19520K, reserved 1114112K
  class space    used 2764K, committed 2880K, reserved 1048576K
}
Event: 16.305 GC heap after
{Heap after GC invocations=5 (full 0):
 garbage-first heap   total 129024K, used 49809K [0x0000000082c00000, 0x0000000100000000)
  region size 1024K, 9 young (9216K), 9 survivors (9216K)
 Metaspace       used 19179K, committed 19520K, reserved 1114112K
  class space    used 2764K, committed 2880K, reserved 1048576K
}
Event: 16.355 GC heap before
{Heap before GC invocations=5 (full 0):
 garbage-first heap   total 129024K, used 101009K [0x0000000082c00000, 0x0000000100000000)
  region size 1024K, 59 young (60416K), 9 survivors (9216K)
 Metaspace       used 19179K, committed 19520K, reserved 1114112K
  class space    used 2764K, committed 2880K, reserved 1048576K
}
Event: 16.362 GC heap after
{Heap after GC invocations=6 (full 0):
 garbage-first heap   total 129024K, used 59339K [0x0000000082c00000, 0x0000000100000000)
  region size 1024K, 8 young (8192K), 8 survivors (8192K)
 Metaspace       used 19179K, committed 19520K, reserved 1114112K
  class space    used 2764K, committed 2880K, reserved 1048576K
}
Event: 16.404 GC heap before
{Heap before GC invocations=6 (full 0):
 garbage-first heap   total 129024K, used 106443K [0x0000000082c00000, 0x0000000100000000)
  region size 1024K, 54 young (55296K), 8 survivors (8192K)
 Metaspace       used 19179K, committed 19520K, reserved 1114112K
  class space    used 2764K, committed 2880K, reserved 1048576K
}
Event: 16.410 GC heap after
{Heap after GC invocations=7 (full 0):
 garbage-first heap   total 129024K, used 69263K [0x0000000082c00000, 0x0000000100000000)
  region size 1024K, 7 young (7168K), 7 survivors (7168K)
 Metaspace       used 19179K, committed 19520K, reserved 1114112K
  class space    used 2764K, committed 2880K, reserved 1048576K
}
Event: 16.442 GC heap before
{Heap before GC invocations=7 (full 0):
 garbage-first heap   total 129024K, used 110223K [0x0000000082c00000, 0x0000000100000000)
  region size 1024K, 47 young (48128K), 7 survivors (7168K)
 Metaspace       used 19183K, committed 19520K, reserved 1114112K
  class space    used 2764K, committed 2880K, reserved 1048576K
}
Event: 16.449 GC heap after
{Heap after GC invocations=8 (full 0):
 garbage-first heap   total 269312K, used 77109K [0x0000000082c00000, 0x0000000100000000)
  region size 1024K, 6 young (6144K), 6 survivors (6144K)
 Metaspace       used 19183K, committed 19520K, reserved 1114112K
  class space    used 2764K, committed 2880K, reserved 1048576K
}
Event: 16.626 GC heap before
{Heap before GC invocations=9 (full 0):
 garbage-first heap   total 269312K, used 210229K [0x0000000082c00000, 0x0000000100000000)
  region size 1024K, 138 young (141312K), 6 survivors (6144K)
 Metaspace       used 19199K, committed 19520K, reserved 1114112K
  class space    used 2764K, committed 2880K, reserved 1048576K
}
Event: 16.637 GC heap after
{Heap after GC invocations=10 (full 0):
 garbage-first heap   total 269312K, used 100352K [0x0000000082c00000, 0x0000000100000000)
  region size 1024K, 18 young (18432K), 18 survivors (18432K)
 Metaspace       used 19199K, committed 19520K, reserved 1114112K
  class space    used 2764K, committed 2880K, reserved 1048576K
}
Event: 16.703 GC heap before
{Heap before GC invocations=10 (full 0):
 garbage-first heap   total 269312K, used 208896K [0x0000000082c00000, 0x0000000100000000)
  region size 1024K, 123 young (125952K), 18 survivors (18432K)
 Metaspace       used 19199K, committed 19520K, reserved 1114112K
  class space    used 2764K, committed 2880K, reserved 1048576K
}
Event: 16.715 GC heap after
{Heap after GC invocations=11 (full 0):
 garbage-first heap   total 269312K, used 120320K [0x0000000082c00000, 0x0000000100000000)
  region size 1024K, 16 young (16384K), 16 survivors (16384K)
 Metaspace       used 19199K, committed 19520K, reserved 1114112K
  class space    used 2764K, committed 2880K, reserved 1048576K
}
Event: 16.785 GC heap before
{Heap before GC invocations=11 (full 0):
 garbage-first heap   total 269312K, used 217600K [0x0000000082c00000, 0x0000000100000000)
  region size 1024K, 111 young (113664K), 16 survivors (16384K)
 Metaspace       used 19202K, committed 19520K, reserved 1114112K
  class space    used 2764K, committed 2880K, reserved 1048576K
}
Event: 16.806 GC heap after
{Heap after GC invocations=12 (full 0):
 garbage-first heap   total 278528K, used 164352K [0x0000000082c00000, 0x0000000100000000)
  region size 1024K, 14 young (14336K), 14 survivors (14336K)
 Metaspace       used 19202K, committed 19520K, reserved 1114112K
  class space    used 2764K, committed 2880K, reserved 1048576K
}
Event: 16.838 GC heap before
{Heap before GC invocations=12 (full 0):
 garbage-first heap   total 278528K, used 223744K [0x0000000082c00000, 0x0000000100000000)
  region size 1024K, 72 young (73728K), 14 survivors (14336K)
 Metaspace       used 19202K, committed 19520K, reserved 1114112K
  class space    used 2764K, committed 2880K, reserved 1048576K
}

Dll operation events (20 events):
Event: 0.886 Loaded shared library C:\Users\User\.openjfx\cache\20.0.1+2\amd64\api-ms-win-crt-multibyte-l1-1-0.dll
Event: 0.892 Loaded shared library C:\Users\User\.openjfx\cache\20.0.1+2\amd64\api-ms-win-crt-private-l1-1-0.dll
Event: 0.896 Loaded shared library C:\Users\User\.openjfx\cache\20.0.1+2\amd64\api-ms-win-crt-process-l1-1-0.dll
Event: 0.901 Loaded shared library C:\Users\User\.openjfx\cache\20.0.1+2\amd64\api-ms-win-crt-runtime-l1-1-0.dll
Event: 0.905 Loaded shared library C:\Users\User\.openjfx\cache\20.0.1+2\amd64\api-ms-win-crt-stdio-l1-1-0.dll
Event: 0.910 Loaded shared library C:\Users\User\.openjfx\cache\20.0.1+2\amd64\api-ms-win-crt-string-l1-1-0.dll
Event: 0.914 Loaded shared library C:\Users\User\.openjfx\cache\20.0.1+2\amd64\api-ms-win-crt-time-l1-1-0.dll
Event: 0.920 Loaded shared library C:\Users\User\.openjfx\cache\20.0.1+2\amd64\api-ms-win-crt-utility-l1-1-0.dll
Event: 0.943 Loaded shared library C:\Users\User\.openjfx\cache\20.0.1+2\amd64\ucrtbase.dll
Event: 0.949 Loaded shared library C:\Users\User\.openjfx\cache\20.0.1+2\amd64\vcruntime140.dll
Event: 0.955 Loaded shared library C:\Users\User\.openjfx\cache\20.0.1+2\amd64\vcruntime140_1.dll
Event: 0.967 Loaded shared library C:\Users\User\.openjfx\cache\20.0.1+2\amd64\msvcp140.dll
Event: 0.972 Loaded shared library C:\Users\User\.openjfx\cache\20.0.1+2\amd64\msvcp140_1.dll
Event: 0.979 Loaded shared library C:\Users\User\.openjfx\cache\20.0.1+2\amd64\msvcp140_2.dll
Event: 1.045 Loaded shared library C:\Users\User\.openjfx\cache\20.0.1+2\amd64\prism_d3d.dll
Event: 1.125 Loaded shared library C:\Users\User\.openjfx\cache\20.0.1+2\amd64\glass.dll
Event: 1.397 Loaded shared library C:\Program Files\Java\jdk-20\bin\jimage.dll
Event: 1.846 Loaded shared library C:\Users\User\.openjfx\cache\20.0.1+2\amd64\javafx_font.dll
Event: 12.344 Loaded shared library C:\Users\User\.openjfx\cache\20.0.1+2\amd64\javafx_iio.dll
Event: 15.976 Loaded shared library C:\Users\User\.openjfx\cache\20.0.1+2\amd64\jfxwebkit.dll

Deoptimization events (20 events):
Event: 16.414 Thread 0x000001834afc1890 Uncommon trap: trap_request=0xffffff45 fr.pc=0x00000183785556f4 relative=0x0000000000000074
Event: 16.414 Thread 0x000001834afc1890 Uncommon trap: reason=unstable_if action=reinterpret pc=0x00000183785556f4 method=java.lang.StringConcatHelper.mix(JLjava/lang/String;)J @ 13 c2
Event: 16.414 Thread 0x000001834afc1890 DEOPT PACKING pc=0x00000183785556f4 sp=0x0000002ec7afc600
Event: 16.414 Thread 0x000001834afc1890 DEOPT UNPACKING pc=0x0000018377f29d22 sp=0x0000002ec7afc580 mode 2
Event: 16.435 Thread 0x000001834afc1890 DEOPT PACKING pc=0x0000018370ffef61 sp=0x0000002ec7afc010
Event: 16.435 Thread 0x000001834afc1890 DEOPT UNPACKING pc=0x0000018377f2a4c2 sp=0x0000002ec7afb438 mode 0
Event: 16.459 Thread 0x000001834afc1890 DEOPT PACKING pc=0x0000018370fbe247 sp=0x0000002ec7afc030
Event: 16.459 Thread 0x000001834afc1890 DEOPT UNPACKING pc=0x0000018377f2a4c2 sp=0x0000002ec7afb4b0 mode 0
Event: 16.686 Thread 0x000001834afc1890 DEOPT PACKING pc=0x000001837101792b sp=0x0000002ec7afc630
Event: 16.686 Thread 0x000001834afc1890 DEOPT UNPACKING pc=0x0000018377f2a4c2 sp=0x0000002ec7afbbe0 mode 0
Event: 16.750 Thread 0x000001834afc1890 Uncommon trap: trap_request=0xffffff45 fr.pc=0x000001837858b03c relative=0x0000000000000e3c
Event: 16.750 Thread 0x000001834afc1890 Uncommon trap: reason=unstable_if action=reinterpret pc=0x000001837858b03c method=java.io.BufferedReader.implReadLine(Z[Z)Ljava/lang/String; @ 55 c2
Event: 16.750 Thread 0x000001834afc1890 DEOPT PACKING pc=0x000001837858b03c sp=0x0000002ec7afc670
Event: 16.750 Thread 0x000001834afc1890 DEOPT UNPACKING pc=0x0000018377f29d22 sp=0x0000002ec7afc618 mode 2
Event: 16.750 Thread 0x000001834afc1890 Uncommon trap: trap_request=0xffffff45 fr.pc=0x00000183785ab31c relative=0x000000000000165c
Event: 16.750 Thread 0x000001834afc1890 Uncommon trap: reason=unstable_if action=reinterpret pc=0x00000183785ab31c method=com.example.mydictionary.basic.DictionaryManagement.readFromFile(Lcom/example/mydictionary/search/Dictionary;Ljava/lang/String;)V @ 27 c2
Event: 16.750 Thread 0x000001834afc1890 DEOPT PACKING pc=0x00000183785ab31c sp=0x0000002ec7afc700
Event: 16.750 Thread 0x000001834afc1890 DEOPT UNPACKING pc=0x0000018377f29d22 sp=0x0000002ec7afc6e8 mode 2
Event: 16.837 Thread 0x000001834afc1890 DEOPT PACKING pc=0x00000183710260cb sp=0x0000002ec7afc710
Event: 16.837 Thread 0x000001834afc1890 DEOPT UNPACKING pc=0x0000018377f2a4c2 sp=0x0000002ec7afbc08 mode 0

Classes loaded (20 events):
Event: 15.979 Loading class java/awt/image/RenderedImage
Event: 15.979 Loading class java/awt/image/RenderedImage done
Event: 15.992 Loading class java/lang/Runtime$VersionPattern
Event: 15.992 Loading class java/lang/Runtime$VersionPattern done
Event: 15.992 Loading class java/util/regex/Pattern$Loop
Event: 15.992 Loading class java/util/regex/Pattern$Loop done
Event: 15.992 Loading class java/util/regex/Pattern$Prolog
Event: 15.992 Loading class java/util/regex/Pattern$Prolog done
Event: 15.998 Loading class java/util/ComparableTimSort
Event: 15.998 Loading class java/util/ComparableTimSort done
Event: 16.029 Loading class java/util/Formatter$FixedString
Event: 16.029 Loading class java/util/Formatter$FixedString done
Event: 16.032 Loading class java/lang/StringIndexOutOfBoundsException
Event: 16.032 Loading class java/lang/StringIndexOutOfBoundsException done
Event: 16.036 Loading class java/util/regex/Pattern$BnM
Event: 16.036 Loading class java/util/regex/Pattern$BnM done
Event: 16.036 Loading class java/util/regex/Pattern$SliceS
Event: 16.036 Loading class java/util/regex/Pattern$SliceS done
Event: 16.576 Loading class java/lang/foreign/MemorySegment
Event: 16.577 Loading class java/lang/foreign/MemorySegment done

Classes unloaded (0 events):
No events

Classes redefined (0 events):
No events

Internal exceptions (20 events):
Event: 2.632 Thread 0x000001834afc1890 Exception <a 'java/lang/ClassNotFoundException'{0x0000000088c4ede8}: com/sun/javafx/scene/control/skin/resources/controls_en_US> (0x0000000088c4ede8) 
thrown [s\open\src\hotspot\share\prims\jni.cpp, line 538]
Event: 2.703 Thread 0x000001834afc1890 Exception <a 'java/lang/NoSuchMethodError'{0x0000000088a02528}: 'void java.lang.invoke.DirectMethodHandle$Holder.invokeSpecial(java.lang.Object, java.lang.Object, java.lang.Object, java.lang.Object, java.lang.Object, java.lang.Object)'> (0x0000000088a02528) 
thrown [s\open\src\hotspot\share\interpreter\linkResolver.cpp, line 773]
Event: 2.884 Thread 0x000001834afc1890 Exception <a 'java/lang/NoSuchMethodError'{0x0000000088769e00}: 'int java.lang.invoke.DirectMethodHandle$Holder.invokeSpecial(java.lang.Object, java.lang.Object, int)'> (0x0000000088769e00) 
thrown [s\open\src\hotspot\share\interpreter\linkResolver.cpp, line 773]
Event: 2.913 Thread 0x000001834afc1890 Exception <a 'java/lang/NoSuchMethodError'{0x00000000887c4fd0}: 'java.lang.Object java.lang.invoke.DirectMethodHandle$Holder.newInvokeSpecial(java.lang.Object, java.lang.Object, int)'> (0x00000000887c4fd0) 
thrown [s\open\src\hotspot\share\interpreter\linkResolver.cpp, line 773]
Event: 3.023 Thread 0x000001834a564d50 Exception <a 'java/lang/NoSuchMethodError'{0x000000008a810150}: 'int java.lang.invoke.DirectMethodHandle$Holder.invokeStaticInit(java.lang.Object, java.lang.Object)'> (0x000000008a810150) 
thrown [s\open\src\hotspot\share\interpreter\linkResolver.cpp, line 773]
Event: 3.031 Thread 0x000001834afc1890 Exception <a 'java/lang/NoSuchMethodError'{0x000000008a931d58}: 'long java.lang.invoke.DirectMethodHandle$Holder.invokeStatic(java.lang.Object, java.lang.Object, java.lang.Object)'> (0x000000008a931d58) 
thrown [s\open\src\hotspot\share\interpreter\linkResolver.cpp, line 773]
Event: 3.032 Thread 0x000001834afc1890 Exception <a 'java/lang/NoSuchMethodError'{0x000000008a935128}: 'long java.lang.invoke.DirectMethodHandle$Holder.invokeStaticInit(java.lang.Object, java.lang.Object, java.lang.Object)'> (0x000000008a935128) 
thrown [s\open\src\hotspot\share\interpreter\linkResolver.cpp, line 773]
Event: 3.037 Thread 0x000001834afc1890 Exception <a 'java/lang/NoSuchMethodError'{0x000000008a94d180}: 'java.lang.Object java.lang.invoke.DirectMethodHandle$Holder.newInvokeSpecial(java.lang.Object, java.lang.Object, long)'> (0x000000008a94d180) 
thrown [s\open\src\hotspot\share\interpreter\linkResolver.cpp, line 773]
Event: 3.037 Thread 0x000001834afc1890 Exception <a 'java/lang/NoSuchMethodError'{0x000000008a950a78}: 'java.lang.Object java.lang.invoke.Invokers$Holder.linkToTargetMethod(java.lang.Object, long, java.lang.Object)'> (0x000000008a950a78) 
thrown [s\open\src\hotspot\share\interpreter\linkResolver.cpp, line 773]
Event: 3.057 Thread 0x000001834a564d50 Exception <a 'java/lang/NoSuchMethodError'{0x000000008a8eaf08}: 'java.lang.Object java.lang.invoke.DirectMethodHandle$Holder.invokeStaticInit(java.lang.Object, int)'> (0x000000008a8eaf08) 
thrown [s\open\src\hotspot\share\interpreter\linkResolver.cpp, line 773]
Event: 11.289 Thread 0x000001834afc1890 Implicit null exception at 0x0000018378546440 to 0x00000183785464ac
Event: 15.364 Thread 0x000001834afc1890 Exception <a 'java/lang/NoSuchMethodError'{0x0000000089ba99e8}: 'java.lang.Object java.lang.invoke.DirectMethodHandle$Holder.invokeVirtual(java.lang.Object, java.lang.Object, double)'> (0x0000000089ba99e8) 
thrown [s\open\src\hotspot\share\interpreter\linkResolver.cpp, line 773]
Event: 15.366 Thread 0x000001834afc1890 Exception <a 'java/lang/NoSuchMethodError'{0x0000000089bc3658}: 'java.lang.Object java.lang.invoke.DirectMethodHandle$Holder.invokeVirtual(java.lang.Object, java.lang.Object, java.lang.Object)'> (0x0000000089bc3658) 
thrown [s\open\src\hotspot\share\interpreter\linkResolver.cpp, line 773]
Event: 16.004 Thread 0x000001834afc1890 Exception <a 'java/io/FileNotFoundException'{0x00000000898bbbf0}> (0x00000000898bbbf0) 
thrown [s\open\src\hotspot\share\prims\jni.cpp, line 519]
Event: 16.004 Thread 0x000001834afc1890 Exception <a 'java/io/FileNotFoundException'{0x00000000898bd7b0}> (0x00000000898bd7b0) 
thrown [s\open\src\hotspot\share\prims\jni.cpp, line 519]
Event: 16.005 Thread 0x000001834afc1890 Exception <a 'java/io/FileNotFoundException'{0x00000000898c20f8}> (0x00000000898c20f8) 
thrown [s\open\src\hotspot\share\prims\jni.cpp, line 519]
Event: 16.005 Thread 0x000001834afc1890 Exception <a 'java/io/FileNotFoundException'{0x00000000898c3728}> (0x00000000898c3728) 
thrown [s\open\src\hotspot\share\prims\jni.cpp, line 519]
Event: 16.015 Thread 0x000001834afc1890 Exception <a 'java/io/FileNotFoundException'{0x00000000897bc618}> (0x00000000897bc618) 
thrown [s\open\src\hotspot\share\prims\jni.cpp, line 519]
Event: 16.016 Thread 0x000001834afc1890 Exception <a 'java/io/FileNotFoundException'{0x00000000897be808}> (0x00000000897be808) 
thrown [s\open\src\hotspot\share\prims\jni.cpp, line 519]
Event: 16.016 Thread 0x000001834afc1890 Exception <a 'java/io/FileNotFoundException'{0x00000000897bfef0}> (0x00000000897bfef0) 
thrown [s\open\src\hotspot\share\prims\jni.cpp, line 519]

VM Operations (20 events):
Event: 16.249 Executing VM operation: G1CollectForAllocation done
Event: 16.296 Executing VM operation: G1CollectForAllocation
Event: 16.305 Executing VM operation: G1CollectForAllocation done
Event: 16.355 Executing VM operation: G1CollectForAllocation
Event: 16.362 Executing VM operation: G1CollectForAllocation done
Event: 16.404 Executing VM operation: G1CollectForAllocation
Event: 16.410 Executing VM operation: G1CollectForAllocation done
Event: 16.442 Executing VM operation: G1CollectForAllocation
Event: 16.449 Executing VM operation: G1CollectForAllocation done
Event: 16.471 Executing VM operation: G1PauseRemark
Event: 16.473 Executing VM operation: G1PauseRemark done
Event: 16.484 Executing VM operation: G1PauseCleanup
Event: 16.484 Executing VM operation: G1PauseCleanup done
Event: 16.626 Executing VM operation: G1CollectForAllocation
Event: 16.637 Executing VM operation: G1CollectForAllocation done
Event: 16.703 Executing VM operation: G1CollectForAllocation
Event: 16.715 Executing VM operation: G1CollectForAllocation done
Event: 16.785 Executing VM operation: G1CollectForAllocation
Event: 16.806 Executing VM operation: G1CollectForAllocation done
Event: 16.838 Executing VM operation: G1CollectForAllocation

Events (20 events):
Event: 0.066 Thread 0x0000018305213840 Thread added: 0x0000018305213840
Event: 0.067 Thread 0x000001830521e1a0 Thread added: 0x000001830521e1a0
Event: 0.067 Thread 0x000001830521fc60 Thread added: 0x000001830521fc60
Event: 0.108 Thread 0x000001834a4c4210 Thread added: 0x000001834a4c4210
Event: 0.231 Thread 0x000001834a51fc40 Thread added: 0x000001834a51fc40
Event: 0.477 Thread 0x000001834ae67be0 Thread added: 0x000001834ae67be0
Event: 0.477 Thread 0x000001834ae68130 Thread added: 0x000001834ae68130
Event: 0.622 Thread 0x000001834a51fc40 Thread exited: 0x000001834a51fc40
Event: 0.688 Thread 0x000001834ac05400 Thread added: 0x000001834ac05400
Event: 0.843 Thread 0x000001834ac05400 Thread exited: 0x000001834ac05400
Event: 1.029 Thread 0x000001834a564d50 Thread added: 0x000001834a564d50
Event: 1.128 Thread 0x000001834ae01580 Thread added: 0x000001834ae01580
Event: 1.134 Thread 0x000001834afc1890 Thread added: 0x000001834afc1890
Event: 1.246 Thread 0x000001834b4e9bb0 Thread added: 0x000001834b4e9bb0
Event: 1.261 Thread 0x000001834afa2b50 Thread added: 0x000001834afa2b50
Event: 2.293 Thread 0x000001834afb6f00 Thread added: 0x000001834afb6f00
Event: 2.529 Thread 0x000001834b686860 Thread added: 0x000001834b686860
Event: 3.017 Thread 0x000001834afb6f00 Thread exited: 0x000001834afb6f00
Event: 3.242 Thread 0x000001834b685870 Thread added: 0x000001834b685870
Event: 16.023 Thread 0x000001834b686310 Thread added: 0x000001834b686310


Dynamic libraries:
0x00007ff74ace0000 - 0x00007ff74acf0000 	C:\Program Files\Java\jdk-20\bin\java.exe
0x00007ffb97eb0000 - 0x00007ffb980c7000 	C:\WINDOWS\SYSTEM32\ntdll.dll
0x00007ffb963a0000 - 0x00007ffb96464000 	C:\WINDOWS\System32\KERNEL32.DLL
0x00007ffb953a0000 - 0x00007ffb95746000 	C:\WINDOWS\System32\KERNELBASE.dll
0x00007ffb95af0000 - 0x00007ffb95c01000 	C:\WINDOWS\System32\ucrtbase.dll
0x00007ffb78a90000 - 0x00007ffb78aab000 	C:\Program Files\Java\jdk-20\bin\VCRUNTIME140.dll
0x00007ffb7aae0000 - 0x00007ffb7aaf9000 	C:\Program Files\Java\jdk-20\bin\jli.dll
0x00007ffb96170000 - 0x00007ffb96220000 	C:\WINDOWS\System32\ADVAPI32.dll
0x00007ffb96c40000 - 0x00007ffb96ce7000 	C:\WINDOWS\System32\msvcrt.dll
0x00007ffb96f40000 - 0x00007ffb96fe6000 	C:\WINDOWS\System32\sechost.dll
0x00007ffb96690000 - 0x00007ffb967a7000 	C:\WINDOWS\System32\RPCRT4.dll
0x00007ffb964b0000 - 0x00007ffb9665d000 	C:\WINDOWS\System32\USER32.dll
0x00007ffb95930000 - 0x00007ffb95956000 	C:\WINDOWS\System32\win32u.dll
0x00007ffb79310000 - 0x00007ffb795a3000 	C:\WINDOWS\WinSxS\amd64_microsoft.windows.common-controls_6595b64144ccf1df_6.0.22621.2361_none_2712ced57382f843\COMCTL32.dll
0x00007ffb96220000 - 0x00007ffb96249000 	C:\WINDOWS\System32\GDI32.dll
0x00007ffb959d0000 - 0x00007ffb95ae8000 	C:\WINDOWS\System32\gdi32full.dll
0x00007ffb95890000 - 0x00007ffb9592a000 	C:\WINDOWS\System32\msvcp_win.dll
0x00007ffb8d350000 - 0x00007ffb8d35a000 	C:\WINDOWS\SYSTEM32\VERSION.dll
0x00007ffb96470000 - 0x00007ffb964a1000 	C:\WINDOWS\System32\IMM32.DLL
0x00007ffb7af30000 - 0x00007ffb7af3c000 	C:\Program Files\Java\jdk-20\bin\vcruntime140_1.dll
0x00007ffb5db60000 - 0x00007ffb5dbee000 	C:\Program Files\Java\jdk-20\bin\msvcp140.dll
0x00007ffb4b7a0000 - 0x00007ffb4c438000 	C:\Program Files\Java\jdk-20\bin\server\jvm.dll
0x00007ffb8d310000 - 0x00007ffb8d344000 	C:\WINDOWS\SYSTEM32\WINMM.dll
0x00007ffb902a0000 - 0x00007ffb902a9000 	C:\WINDOWS\SYSTEM32\WSOCK32.dll
0x00007ffb97970000 - 0x00007ffb979e1000 	C:\WINDOWS\System32\WS2_32.dll
0x00007ffb94210000 - 0x00007ffb94228000 	C:\WINDOWS\SYSTEM32\kernel.appcore.dll
0x00007ffb7aad0000 - 0x00007ffb7aada000 	C:\Program Files\Java\jdk-20\bin\jimage.dll
0x00007ffb92bc0000 - 0x00007ffb92dee000 	C:\WINDOWS\SYSTEM32\DBGHELP.DLL
0x00007ffb95c70000 - 0x00007ffb95ffa000 	C:\WINDOWS\System32\combase.dll
0x00007ffb96d00000 - 0x00007ffb96dd7000 	C:\WINDOWS\System32\OLEAUT32.dll
0x00007ffb71680000 - 0x00007ffb716b2000 	C:\WINDOWS\SYSTEM32\dbgcore.DLL
0x00007ffb95750000 - 0x00007ffb957ca000 	C:\WINDOWS\System32\bcryptPrimitives.dll
0x00007ffb7c3b0000 - 0x00007ffb7c3be000 	C:\Program Files\Java\jdk-20\bin\instrument.dll
0x00007ffb76530000 - 0x00007ffb76556000 	C:\Program Files\Java\jdk-20\bin\java.dll
0x00007ffb582c0000 - 0x00007ffb58397000 	C:\Program Files\Java\jdk-20\bin\jsvml.dll
0x00007ffb97110000 - 0x00007ffb97968000 	C:\WINDOWS\System32\SHELL32.dll
0x00007ffb93190000 - 0x00007ffb93a82000 	C:\WINDOWS\SYSTEM32\windows.storage.dll
0x00007ffb93050000 - 0x00007ffb9318e000 	C:\WINDOWS\SYSTEM32\wintypes.dll
0x00007ffb96de0000 - 0x00007ffb96ed3000 	C:\WINDOWS\System32\SHCORE.dll
0x00007ffb96ee0000 - 0x00007ffb96f3e000 	C:\WINDOWS\System32\shlwapi.dll
0x00007ffb95160000 - 0x00007ffb95186000 	C:\WINDOWS\SYSTEM32\profapi.dll
0x00007ffb75050000 - 0x00007ffb75063000 	C:\Program Files\Java\jdk-20\bin\net.dll
0x00007ffb8fa70000 - 0x00007ffb8fba7000 	C:\WINDOWS\SYSTEM32\WINHTTP.dll
0x00007ffb946f0000 - 0x00007ffb94759000 	C:\WINDOWS\system32\mswsock.dll
0x00007ffb75030000 - 0x00007ffb75046000 	C:\Program Files\Java\jdk-20\bin\nio.dll
0x00007ffb736f0000 - 0x00007ffb73708000 	C:\Program Files\Java\jdk-20\bin\zip.dll
0x00007ffb6d530000 - 0x00007ffb6d54a000 	D:\IntelliJ IDEA Community Edition 2023.2.1\bin\breakgen64.dll
0x00000183053b0000 - 0x00000183053b3000 	C:\Users\User\.openjfx\cache\20.0.1+2\amd64\api-ms-win-core-console-l1-1-0.dll
0x00000183053c0000 - 0x00000183053c3000 	C:\Users\User\.openjfx\cache\20.0.1+2\amd64\api-ms-win-core-console-l1-2-0.dll
0x00000183053d0000 - 0x00000183053d3000 	C:\Users\User\.openjfx\cache\20.0.1+2\amd64\api-ms-win-core-datetime-l1-1-0.dll
0x00000183053e0000 - 0x00000183053e3000 	C:\Users\User\.openjfx\cache\20.0.1+2\amd64\api-ms-win-core-debug-l1-1-0.dll
0x00000183053f0000 - 0x00000183053f3000 	C:\Users\User\.openjfx\cache\20.0.1+2\amd64\api-ms-win-core-errorhandling-l1-1-0.dll
0x000001834b000000 - 0x000001834b004000 	C:\Users\User\.openjfx\cache\20.0.1+2\amd64\api-ms-win-core-file-l1-1-0.dll
0x000001834b010000 - 0x000001834b013000 	C:\Users\User\.openjfx\cache\20.0.1+2\amd64\api-ms-win-core-file-l1-2-0.dll
0x000001834b020000 - 0x000001834b023000 	C:\Users\User\.openjfx\cache\20.0.1+2\amd64\api-ms-win-core-file-l2-1-0.dll
0x000001834b030000 - 0x000001834b033000 	C:\Users\User\.openjfx\cache\20.0.1+2\amd64\api-ms-win-core-handle-l1-1-0.dll
0x000001834b040000 - 0x000001834b043000 	C:\Users\User\.openjfx\cache\20.0.1+2\amd64\api-ms-win-core-heap-l1-1-0.dll
0x000001834b050000 - 0x000001834b053000 	C:\Users\User\.openjfx\cache\20.0.1+2\amd64\api-ms-win-core-interlocked-l1-1-0.dll
0x000001834b060000 - 0x000001834b063000 	C:\Users\User\.openjfx\cache\20.0.1+2\amd64\api-ms-win-core-libraryloader-l1-1-0.dll
0x000001834b070000 - 0x000001834b073000 	C:\Users\User\.openjfx\cache\20.0.1+2\amd64\api-ms-win-core-localization-l1-2-0.dll
0x000001834b080000 - 0x000001834b083000 	C:\Users\User\.openjfx\cache\20.0.1+2\amd64\api-ms-win-core-memory-l1-1-0.dll
0x000001834b090000 - 0x000001834b093000 	C:\Users\User\.openjfx\cache\20.0.1+2\amd64\api-ms-win-core-namedpipe-l1-1-0.dll
0x000001834b0a0000 - 0x000001834b0a3000 	C:\Users\User\.openjfx\cache\20.0.1+2\amd64\api-ms-win-core-processenvironment-l1-1-0.dll
0x000001834b0b0000 - 0x000001834b0b3000 	C:\Users\User\.openjfx\cache\20.0.1+2\amd64\api-ms-win-core-processthreads-l1-1-0.dll
0x000001834b0c0000 - 0x000001834b0c3000 	C:\Users\User\.openjfx\cache\20.0.1+2\amd64\api-ms-win-core-processthreads-l1-1-1.dll
0x000001834b0d0000 - 0x000001834b0d3000 	C:\Users\User\.openjfx\cache\20.0.1+2\amd64\api-ms-win-core-profile-l1-1-0.dll
0x000001834b0e0000 - 0x000001834b0e3000 	C:\Users\User\.openjfx\cache\20.0.1+2\amd64\api-ms-win-core-rtlsupport-l1-1-0.dll
0x000001834b0f0000 - 0x000001834b0f3000 	C:\Users\User\.openjfx\cache\20.0.1+2\amd64\api-ms-win-core-string-l1-1-0.dll
0x000001834b100000 - 0x000001834b103000 	C:\Users\User\.openjfx\cache\20.0.1+2\amd64\api-ms-win-core-synch-l1-1-0.dll
0x000001834b110000 - 0x000001834b113000 	C:\Users\User\.openjfx\cache\20.0.1+2\amd64\api-ms-win-core-synch-l1-2-0.dll
0x000001834b120000 - 0x000001834b123000 	C:\Users\User\.openjfx\cache\20.0.1+2\amd64\api-ms-win-core-sysinfo-l1-1-0.dll
0x000001834b130000 - 0x000001834b133000 	C:\Users\User\.openjfx\cache\20.0.1+2\amd64\api-ms-win-core-timezone-l1-1-0.dll
0x000001834b140000 - 0x000001834b143000 	C:\Users\User\.openjfx\cache\20.0.1+2\amd64\api-ms-win-core-util-l1-1-0.dll
0x000001834b150000 - 0x000001834b153000 	C:\Users\User\.openjfx\cache\20.0.1+2\amd64\api-ms-win-crt-conio-l1-1-0.dll
0x000001834b160000 - 0x000001834b164000 	C:\Users\User\.openjfx\cache\20.0.1+2\amd64\api-ms-win-crt-convert-l1-1-0.dll
0x000001834b170000 - 0x000001834b173000 	C:\Users\User\.openjfx\cache\20.0.1+2\amd64\api-ms-win-crt-environment-l1-1-0.dll
0x000001834b180000 - 0x000001834b183000 	C:\Users\User\.openjfx\cache\20.0.1+2\amd64\api-ms-win-crt-filesystem-l1-1-0.dll
0x000001834b190000 - 0x000001834b193000 	C:\Users\User\.openjfx\cache\20.0.1+2\amd64\api-ms-win-crt-heap-l1-1-0.dll
0x000001834b1a0000 - 0x000001834b1a3000 	C:\Users\User\.openjfx\cache\20.0.1+2\amd64\api-ms-win-crt-locale-l1-1-0.dll
0x000001834b1b0000 - 0x000001834b1b5000 	C:\Users\User\.openjfx\cache\20.0.1+2\amd64\api-ms-win-crt-math-l1-1-0.dll
0x000001834b1c0000 - 0x000001834b1c5000 	C:\Users\User\.openjfx\cache\20.0.1+2\amd64\api-ms-win-crt-multibyte-l1-1-0.dll
0x000001834b1d0000 - 0x000001834b1e0000 	C:\Users\User\.openjfx\cache\20.0.1+2\amd64\api-ms-win-crt-private-l1-1-0.dll
0x000001834b1e0000 - 0x000001834b1e3000 	C:\Users\User\.openjfx\cache\20.0.1+2\amd64\api-ms-win-crt-process-l1-1-0.dll
0x000001834b1f0000 - 0x000001834b1f4000 	C:\Users\User\.openjfx\cache\20.0.1+2\amd64\api-ms-win-crt-runtime-l1-1-0.dll
0x000001834b200000 - 0x000001834b204000 	C:\Users\User\.openjfx\cache\20.0.1+2\amd64\api-ms-win-crt-stdio-l1-1-0.dll
0x000001834b210000 - 0x000001834b214000 	C:\Users\User\.openjfx\cache\20.0.1+2\amd64\api-ms-win-crt-string-l1-1-0.dll
0x000001834b220000 - 0x000001834b223000 	C:\Users\User\.openjfx\cache\20.0.1+2\amd64\api-ms-win-crt-time-l1-1-0.dll
0x000001834b230000 - 0x000001834b233000 	C:\Users\User\.openjfx\cache\20.0.1+2\amd64\api-ms-win-crt-utility-l1-1-0.dll
0x00007ffb5dc30000 - 0x00007ffb5dd2c000 	C:\Users\User\.openjfx\cache\20.0.1+2\amd64\ucrtbase.dll
0x00007ffb5fe00000 - 0x00007ffb5fe1b000 	C:\Users\User\.openjfx\cache\20.0.1+2\amd64\vcruntime140.dll
0x00007ffb74ca0000 - 0x00007ffb74cac000 	C:\Users\User\.openjfx\cache\20.0.1+2\amd64\vcruntime140_1.dll
0x00007ffb522a0000 - 0x00007ffb5232e000 	C:\Users\User\.openjfx\cache\20.0.1+2\amd64\msvcp140.dll
0x00007ffb74690000 - 0x00007ffb74699000 	C:\Users\User\.openjfx\cache\20.0.1+2\amd64\msvcp140_1.dll
0x00007ffb5f340000 - 0x00007ffb5f370000 	C:\Users\User\.openjfx\cache\20.0.1+2\amd64\msvcp140_2.dll
0x00007ffb5f310000 - 0x00007ffb5f33f000 	C:\Users\User\.openjfx\cache\20.0.1+2\amd64\prism_d3d.dll
0x00007ffb29630000 - 0x00007ffb297d9000 	C:\WINDOWS\system32\d3d9.dll
0x00007ffb92800000 - 0x00007ffb9282b000 	C:\WINDOWS\SYSTEM32\dwmapi.dll
0x00007ffb924d0000 - 0x00007ffb92506000 	C:\WINDOWS\SYSTEM32\dxcore.dll
0x00007ffb923d0000 - 0x00007ffb9247b000 	C:\WINDOWS\system32\uxtheme.dll
0x00007ffb50870000 - 0x00007ffb509d3000 	C:\WINDOWS\System32\DriverStore\FileRepository\iigd_dch.inf_amd64_7c696721096411e9\igdumdim64.dll
0x00007ffb443f0000 - 0x00007ffb47e32000 	C:\WINDOWS\System32\DriverStore\FileRepository\iigd_dch.inf_amd64_7c696721096411e9\igd9dxva64.dll
0x00007ffb97cd0000 - 0x00007ffb97e6f000 	C:\WINDOWS\System32\ole32.dll
0x00007ffb967c0000 - 0x00007ffb96c34000 	C:\WINDOWS\System32\SETUPAPI.dll
0x00007ffb94e30000 - 0x00007ffb94e7e000 	C:\WINDOWS\SYSTEM32\cfgmgr32.dll
0x00007ffb87830000 - 0x00007ffb87a6f000 	C:\WINDOWS\System32\DriverStore\FileRepository\iigd_dch.inf_amd64_7c696721096411e9\igdgmm64.dll
0x00007ffb8f8e0000 - 0x00007ffb8f92a000 	C:\WINDOWS\SYSTEM32\directxdatabasehelper.dll
0x00007ffb5d9a0000 - 0x00007ffb5d9e2000 	C:\Users\User\.openjfx\cache\20.0.1+2\amd64\glass.dll
0x00007ffb96ff0000 - 0x00007ffb970e9000 	C:\WINDOWS\System32\COMDLG32.dll
0x00007ffb56e90000 - 0x00007ffb56ebb000 	C:\Program Files (x86)\UltraViewer\uvh64.dll
0x00007ffb96250000 - 0x00007ffb9639c000 	C:\WINDOWS\System32\MSCTF.dll
0x00007ffb39d50000 - 0x00007ffb39d77000 	C:\WINDOWS\System32\DriverStore\FileRepository\iigd_dch.inf_amd64_7c696721096411e9\igdinfo64.dll
0x00007ffb84590000 - 0x00007ffb87159000 	C:\WINDOWS\System32\DriverStore\FileRepository\iigd_dch.inf_amd64_7c696721096411e9\igc64.dll
0x00007ffb5f030000 - 0x00007ffb5f044000 	C:\Users\User\.openjfx\cache\20.0.1+2\amd64\javafx_font.dll
0x00007ffb90b80000 - 0x00007ffb90df3000 	C:\WINDOWS\SYSTEM32\dwrite.dll
0x00007ffb97bb0000 - 0x00007ffb97c60000 	C:\WINDOWS\System32\clbcatq.dll
0x00007ffb909d0000 - 0x00007ffb90b80000 	C:\WINDOWS\SYSTEM32\WindowsCodecs.dll
0x00007ffb73e40000 - 0x00007ffb73e9e000 	C:\WINDOWS\system32\dataexchange.dll
0x00007ffb8c3b0000 - 0x00007ffb8c635000 	C:\WINDOWS\system32\twinapi.appcore.dll
0x00007ffb5dbf0000 - 0x00007ffb5dc22000 	C:\Program Files\Common Files\Microsoft Shared\Ink\rtscom.dll
0x00007ffb7bbf0000 - 0x00007ffb7bd3a000 	C:\WINDOWS\SYSTEM32\textinputframework.dll
0x00007ffb91cc0000 - 0x00007ffb91df3000 	C:\WINDOWS\SYSTEM32\CoreMessaging.dll
0x00007ffb8e930000 - 0x00007ffb8ec9c000 	C:\WINDOWS\SYSTEM32\CoreUIComponents.dll
0x00007ffb94960000 - 0x00007ffb9496c000 	C:\WINDOWS\SYSTEM32\CRYPTBASE.DLL
0x00007ffb5d970000 - 0x00007ffb5d99d000 	C:\Users\User\.openjfx\cache\20.0.1+2\amd64\javafx_iio.dll
0x00007ffb1b920000 - 0x00007ffb1fe06000 	C:\Users\User\.openjfx\cache\20.0.1+2\amd64\jfxwebkit.dll
0x00007ffb94940000 - 0x00007ffb9495b000 	C:\WINDOWS\SYSTEM32\CRYPTSP.dll
0x00007ffb941d0000 - 0x00007ffb94205000 	C:\WINDOWS\system32\rsaenh.dll

dbghelp: loaded successfully - version: 4.0.5 - missing functions: none
symbol engine: initialized successfully - sym options: 0x614 - pdb path: .;C:\Program Files\Java\jdk-20\bin;C:\WINDOWS\SYSTEM32;C:\WINDOWS\WinSxS\amd64_microsoft.windows.common-controls_6595b64144ccf1df_6.0.22621.2361_none_2712ced57382f843;C:\Program Files\Java\jdk-20\bin\server;D:\IntelliJ IDEA Community Edition 2023.2.1\bin;C:\Users\User\.openjfx\cache\20.0.1+2\amd64;C:\WINDOWS\System32\DriverStore\FileRepository\iigd_dch.inf_amd64_7c696721096411e9;C:\Program Files (x86)\UltraViewer;C:\Program Files\Common Files\Microsoft Shared\Ink

VM Arguments:
jvm_args: -javaagent:D:\IntelliJ IDEA Community Edition 2023.2.1\lib\idea_rt.jar=60035:D:\IntelliJ IDEA Community Edition 2023.2.1\bin -Dfile.encoding=UTF-8 -Dsun.stdout.encoding=UTF-8 -Dsun.stderr.encoding=UTF-8 --module-path=D:\DictionaryProject\target\classes;C:\Users\User\.m2\repository\org\openjfx\javafx-web\20.0.2\javafx-web-20.0.2-win.jar;C:\Users\User\.m2\repository\org\openjfx\javafx-media\20.0.2\javafx-media-20.0.2-win.jar;C:\Users\User\.m2\repository\org\openjfx\javafx-graphics\20.0.1\javafx-graphics-20.0.1-win.jar;C:\Users\User\.m2\repository\org\openjfx\javafx-base\20.0.1\javafx-base-20.0.1-win.jar;C:\Users\User\.m2\repository\org\openjfx\javafx-controls\20.0.1\javafx-controls-20.0.1-win.jar;C:\Users\User\.m2\repository\javazoom\jlayer\1.0.1\jlayer-1.0.1.jar;C:\Users\User\.m2\repository\org\apache\commons\commons-text\1.9\commons-text-1.9.jar;C:\Users\User\.m2\repository\org\openjfx\javafx-fxml\20.0.1\javafx-fxml-20.0.1-win.jar -Djdk.module.main=com.example.mydictionary 
java_command: com.example.mydictionary/com.example.mydictionary.Main
java_class_path (initial): C:\Users\User\.m2\repository\org\openjfx\javafx-controls\20.0.1\javafx-controls-20.0.1.jar;C:\Users\User\.m2\repository\org\openjfx\javafx-graphics\20.0.1\javafx-graphics-20.0.1.jar;C:\Users\User\.m2\repository\org\openjfx\javafx-base\20.0.1\javafx-base-20.0.1.jar;C:\Users\User\.m2\repository\org\openjfx\javafx-fxml\20.0.1\javafx-fxml-20.0.1.jar;C:\Users\User\.m2\repository\org\openjfx\javafx-web\20.0.2\javafx-web-20.0.2.jar;C:\Users\User\.m2\repository\org\openjfx\javafx-media\20.0.2\javafx-media-20.0.2.jar;C:\Users\User\.m2\repository\org\apache\commons\commons-lang3\3.11\commons-lang3-3.11.jar
Launcher Type: SUN_STANDARD

[Global flags]
     intx CICompilerCount                          = 4                                         {product} {ergonomic}
     uint ConcGCThreads                            = 2                                         {product} {ergonomic}
     uint G1ConcRefinementThreads                  = 8                                         {product} {ergonomic}
   size_t G1HeapRegionSize                         = 1048576                                   {product} {ergonomic}
    uintx GCDrainStackTargetSize                   = 64                                        {product} {ergonomic}
   size_t InitialHeapSize                          = 132120576                                 {product} {ergonomic}
   size_t MarkStackSize                            = 4194304                                   {product} {ergonomic}
   size_t MaxHeapSize                              = 2101346304                                {product} {ergonomic}
   size_t MaxNewSize                               = 1260388352                                {product} {ergonomic}
   size_t MinHeapDeltaBytes                        = 1048576                                   {product} {ergonomic}
   size_t MinHeapSize                              = 8388608                                   {product} {ergonomic}
    uintx NonNMethodCodeHeapSize                   = 5839372                                {pd product} {ergonomic}
    uintx NonProfiledCodeHeapSize                  = 122909434                              {pd product} {ergonomic}
    uintx ProfiledCodeHeapSize                     = 122909434                              {pd product} {ergonomic}
    uintx ReservedCodeCacheSize                    = 251658240                              {pd product} {ergonomic}
     bool SegmentedCodeCache                       = true                                      {product} {ergonomic}
   size_t SoftMaxHeapSize                          = 2101346304                             {manageable} {ergonomic}
     bool UseCompressedClassPointers               = true                           {product lp64_product} {ergonomic}
     bool UseCompressedOops                        = true                           {product lp64_product} {ergonomic}
     bool UseG1GC                                  = true                                      {product} {ergonomic}
     bool UseLargePagesIndividualAllocation        = false                                  {pd product} {ergonomic}

Logging:
Log output configuration:
 #0: stdout all=warning uptime,level,tags foldmultilines=false
 #1: stderr all=off uptime,level,tags foldmultilines=false

Environment Variables:
CLASSPATH=C:\Users\algs4\algs4.jar
PATH=C:\Program Files\Common Files\Oracle\Java\javapath;C:\ProgramData\Oracle\Java\javapath;C:\WINDOWS\system32;C:\WINDOWS;C:\WINDOWS\System32\Wbem;C:\WINDOWS\System32\WindowsPowerShell\v1.0\;C:\WINDOWS\System32\OpenSSH\;C:\Program Files\Git\cmd;C:\msys64\mingw64\bin;D:\Program Files\SDL2-devel-2.26.3-mingw.zip\SDL2-2.26.3\x86_64-w64-mingw32\bin;C:\Program Files\Microsoft\Web Platform Installer\;C:\Program Files (x86)\Microsoft ASP.NET\ASP.NET Web Pages\v1.0\;C:\Program Files\Microsoft SQL Server\110\Tools\Binn\;C:\Users\User\Downloads\mysql-8.0.34-winx64\mysql-8.0.34-winx64\bin;C:\Users\User\AppData\Local\Microsoft\WindowsApps;C:\Users\User\AppData\Local\Programs\Microsoft VS Code\bin;D:\Program Files\SDL2-devel-2.26.3-mingw.zip\SDL2-2.26.3\x86_64-w64-mingw32\bin;C:\Users\User\AppData\Local\GitHubDesktop\bin
USERNAME=User
OS=Windows_NT
PROCESSOR_IDENTIFIER=Intel64 Family 6 Model 142 Stepping 12, GenuineIntel
TMP=C:\Users\User\AppData\Local\Temp
TEMP=C:\Users\User\AppData\Local\Temp




---------------  S Y S T E M  ---------------

OS:
 Windows 11 , 64 bit Build 22621 (10.0.22621.2428)
OS uptime: 12 days 10:28 hours

CPU: total 8 (initial active 8) (4 cores per cpu, 2 threads per core) family 6 model 142 stepping 12 microcode 0xec, cx8, cmov, fxsr, ht, mmx, 3dnowpref, sse, sse2, sse3, ssse3, sse4.1, sse4.2, popcnt, lzcnt, tsc, tscinvbit, avx, avx2, aes, erms, clmul, bmi1, bmi2, adx, fma, vzeroupper, clflush, clflushopt, rdtscp, f16c

Memory: 4k page, system-wide physical 8014M (171M free)
TotalPageFile size 25019M (AvailPageFile size 5M)
current process WorkingSet (physical memory assigned to process): 433M, peak: 433M
current process commit charge ("private bytes"): 466M, peak: 467M

vm_info: Java HotSpot(TM) 64-Bit Server VM (20.0.2+9-78) for windows-amd64 JRE (20.0.2+9-78), built on 2023-06-14T10:08:48Z by "mach5one" with MS VC++ 17.1 (VS2022)

END.
